<?xml version="1.0" encoding="utf-8"?><testsuites name="pytest tests"><testsuite name="pytest" errors="0" failures="0" skipped="0" tests="14" time="18.568" timestamp="2026-03-09T14:15:03.852414+00:00" hostname="agent-env-391d7473-1945-434d-baf0-2070191287b2"><testcase classname="backend.tests.test_iter40_features.TestServicesEmptyLocation" name="test_create_service_without_location" time="1.213" /><testcase classname="backend.tests.test_iter40_features.TestServicesEmptyLocation" name="test_service_without_location_appears_in_country_filter" time="0.411" /><testcase classname="backend.tests.test_iter40_features.TestServicesEmptyLocation" name="test_service_without_location_appears_with_specific_location_filter" time="0.967" /><testcase classname="backend.tests.test_iter40_features.TestServicesEmptyLocation" name="test_cleanup_service" time="0.458" /><testcase classname="backend.tests.test_iter40_features.TestQuestionsSection" name="test_get_legal_questions_only" time="2.267" /><testcase classname="backend.tests.test_iter40_features.TestQuestionsSection" name="test_get_specialists_questions_only" time="2.151" /><testcase classname="backend.tests.test_iter40_features.TestQuestionsSection" name="test_question_section_field_stored_correctly" time="2.486" /><testcase classname="backend.tests.test_iter40_features.TestQuestionsPermissions" name="test_admin_can_answer_legal_question" time="0.831" /><testcase classname="backend.tests.test_iter40_features.TestQuestionsPermissions" name="test_regular_user_cannot_answer_legal_question" time="2.040" /><testcase classname="backend.tests.test_iter40_features.TestQuestionsPermissions" name="test_admin_can_delete_legal_question" time="0.856" /><testcase classname="backend.tests.test_iter40_features.TestQuestionsPermissions" name="test_regular_user_cannot_delete_legal_question" time="1.254" /><testcase classname="backend.tests.test_iter40_features.TestQuestionsPermissions" name="test_regular_user_can_post_specialists_question" time="0.438" /><testcase classname="backend.tests.test_iter40_features.TestQuestionsPermissions" name="test_regular_user_cannot_answer_specialists_question" time="1.732" /><testcase classname="backend.tests.test_iter40_features.TestNewsUpdate" name="test_admin_can_update_news" time="1.396" /></testsuite></testsuites>