<?xml version="1.0" encoding="utf-8"?><testsuites name="pytest tests"><testsuite name="pytest" errors="0" failures="0" skipped="0" tests="15" time="9.967" timestamp="2026-03-10T11:21:07.908274+00:00" hostname="agent-env-4553d0d4-879e-4cca-9ffc-bacb0d993b0b"><testcase classname="backend.tests.test_iter51_expert_verification.TestQuestionsSpecializationLabel" name="test_get_questions_returns_list" time="0.169" /><testcase classname="backend.tests.test_iter51_expert_verification.TestQuestionsSpecializationLabel" name="test_answers_have_specialization_label_field" time="0.132" /><testcase classname="backend.tests.test_iter51_expert_verification.TestQuestionsSpecializationLabel" name="test_specialist_answer_has_nonempty_specialization_label" time="0.104" /><testcase classname="backend.tests.test_iter51_expert_verification.TestQuestionsSpecializationLabel" name="test_specialization_label_is_fresh_not_stale" time="0.530" /><testcase classname="backend.tests.test_iter51_expert_verification.TestVerificationRequestNewFields" name="test_post_verification_request_new_fields" time="0.947" /><testcase classname="backend.tests.test_iter51_expert_verification.TestVerificationRequestNewFields" name="test_admin_sees_new_field_names_in_list" time="0.392" /><testcase classname="backend.tests.test_iter51_expert_verification.TestApprovalSetsUserRole" name="test_approve_request_sets_role_to_requested_role" time="1.094" /><testcase classname="backend.tests.test_iter51_expert_verification.TestApprovalSetsUserRole" name="test_approve_request_with_lawyer_role" time="1.419" /><testcase classname="backend.tests.test_iter51_expert_verification.TestApprovalSetsUserRole" name="test_reject_request_does_not_change_user_role" time="1.193" /><testcase classname="backend.tests.test_iter51_expert_verification.TestApprovalSetsUserRole" name="test_invalid_status_returns_400" time="0.400" /><testcase classname="backend.tests.test_iter51_expert_verification.TestBackwardCompatibility" name="test_old_format_request_fields_accessible" time="0.387" /><testcase classname="backend.tests.test_iter51_expert_verification.TestBackwardCompatibility" name="test_my_pending_request_endpoint" time="0.445" /><testcase classname="backend.tests.test_iter51_expert_verification.TestPublicProfileSpecializationLabel" name="test_specialist_public_profile_has_role_and_label" time="1.105" /><testcase classname="backend.tests.test_iter51_expert_verification.TestPublicProfileSpecializationLabel" name="test_lawyer_public_profile_has_role" time="0.775" /><testcase classname="backend.tests.test_iter51_expert_verification.TestPublicProfileSpecializationLabel" name="test_martas_profile_has_plasticky_chirurg_label" time="0.788" /></testsuite></testsuites>