<?xml version="1.0" encoding="utf-8"?><testsuites name="pytest tests"><testsuite name="pytest" errors="0" failures="0" skipped="0" tests="8" time="9.040" timestamp="2026-03-09T13:14:50.868440+00:00" hostname="agent-env-391d7473-1945-434d-baf0-2070191287b2"><testcase classname="backend.tests.test_iter39_bug_fixes.TestDeleteReport" name="test_get_reports_list" time="1.191" /><testcase classname="backend.tests.test_iter39_bug_fixes.TestDeleteReport" name="test_delete_report_endpoint_exists" time="0.421" /><testcase classname="backend.tests.test_iter39_bug_fixes.TestDeleteReport" name="test_create_and_delete_report" time="3.658" /><testcase classname="backend.tests.test_iter39_bug_fixes.TestDeleteReport" name="test_delete_report_requires_admin" time="0.466" /><testcase classname="backend.tests.test_iter39_bug_fixes.TestDeleteBugReport" name="test_get_bug_reports_list" time="0.416" /><testcase classname="backend.tests.test_iter39_bug_fixes.TestDeleteBugReport" name="test_delete_bug_report_endpoint_exists" time="0.445" /><testcase classname="backend.tests.test_iter39_bug_fixes.TestDeleteBugReport" name="test_create_and_delete_bug_report" time="1.956" /><testcase classname="backend.tests.test_iter39_bug_fixes.TestDeleteBugReport" name="test_delete_bug_report_requires_admin" time="0.425" /></testsuite></testsuites>