<?xml version="1.0" encoding="utf-8"?><testsuites name="pytest tests"><testsuite name="pytest" errors="0" failures="0" skipped="0" tests="8" time="2.035" timestamp="2026-03-09T15:11:20.056759+00:00" hostname="agent-env-391d7473-1945-434d-baf0-2070191287b2"><testcase classname="backend.tests.test_iter41_qa_signature.TestAnswerSignatureLegal" name="test_answer_with_signature_is_saved" time="0.637" /><testcase classname="backend.tests.test_iter41_qa_signature.TestAnswerSignatureLegal" name="test_answer_without_signature_defaults_empty" time="0.103" /><testcase classname="backend.tests.test_iter41_qa_signature.TestAnswerSignatureLegal" name="test_get_legal_questions_with_signature_in_answers" time="0.108" /><testcase classname="backend.tests.test_iter41_qa_signature.TestAnswerSignatureLegal" name="test_signature_persisted_in_get_response" time="0.182" /><testcase classname="backend.tests.test_iter41_qa_signature.TestAnswerSignatureSpecialists" name="test_specialist_answer_with_signature_saved" time="0.212" /><testcase classname="backend.tests.test_iter41_qa_signature.TestAnswerSignatureSpecialists" name="test_get_specialist_questions_with_signature" time="0.184" /><testcase classname="backend.tests.test_iter41_qa_signature.TestAnswerSignatureModel" name="test_answer_create_no_signature_field" time="0.276" /><testcase classname="backend.tests.test_iter41_qa_signature.TestAnswerSignatureModel" name="test_answer_create_with_empty_signature" time="0.263" /></testsuite></testsuites>