<?xml version="1.0" encoding="utf-8"?><testsuites name="pytest tests"><testsuite name="pytest" errors="0" failures="0" skipped="0" tests="25" time="35.630" timestamp="2026-03-09T08:42:49.367607+00:00" hostname="agent-env-15447a1a-2ef5-402b-a0a5-3bdffa574bb0"><testcase classname="backend.tests.test_iter36_article_roles.TestArticleCategoriesPublic" name="test_get_article_categories_status" time="0.435" /><testcase classname="backend.tests.test_iter36_article_roles.TestArticleCategoriesPublic" name="test_get_article_categories_returns_list" time="0.541" /><testcase classname="backend.tests.test_iter36_article_roles.TestArticleCategoriesPublic" name="test_get_article_categories_has_allowed_roles" time="0.412" /><testcase classname="backend.tests.test_iter36_article_roles.TestArticleCategoriesPublic" name="test_get_article_categories_default_roles" time="0.400" /><testcase classname="backend.tests.test_iter36_article_roles.TestArticleCategoriesPublic" name="test_get_article_categories_contains_defaults" time="0.422" /><testcase classname="backend.tests.test_iter36_article_roles.TestUpdateArticleCategoryRoles" name="test_update_requires_admin" time="0.425" /><testcase classname="backend.tests.test_iter36_article_roles.TestUpdateArticleCategoryRoles" name="test_update_requires_admin_not_user" time="3.560" /><testcase classname="backend.tests.test_iter36_article_roles.TestUpdateArticleCategoryRoles" name="test_update_article_cat_roles_valid" time="1.050" /><testcase classname="backend.tests.test_iter36_article_roles.TestUpdateArticleCategoryRoles" name="test_update_article_cat_roles_persists" time="1.852" /><testcase classname="backend.tests.test_iter36_article_roles.TestUpdateArticleCategoryRoles" name="test_update_article_cat_roles_empty_rejected" time="1.069" /><testcase classname="backend.tests.test_iter36_article_roles.TestUpdateArticleCategoryRoles" name="test_update_article_cat_roles_invalid_roles_rejected" time="1.085" /><testcase classname="backend.tests.test_iter36_article_roles.TestUpdateArticleCategoryRoles" name="test_update_nonexistent_article_cat" time="1.087" /><testcase classname="backend.tests.test_iter36_article_roles.TestArticlePostPermissions" name="test_post_article_requires_auth" time="1.911" /><testcase classname="backend.tests.test_iter36_article_roles.TestArticlePostPermissions" name="test_post_article_blocked_for_regular_user" time="0.431" /><testcase classname="backend.tests.test_iter36_article_roles.TestArticlePostPermissions" name="test_post_article_admin_succeeds" time="1.103" /><testcase classname="backend.tests.test_iter36_article_roles.TestArticlePostPermissions" name="test_post_article_blocked_zdravi" time="0.399" /><testcase classname="backend.tests.test_iter36_article_roles.TestArticlePostPermissions" name="test_post_article_lawyer_succeeds" time="5.108" /><testcase classname="backend.tests.test_iter36_article_roles.TestNewsCategoriesMerge" name="test_news_categories_contains_all_defaults" time="0.436" /><testcase classname="backend.tests.test_iter36_article_roles.TestNewsCategoriesMerge" name="test_news_categories_have_allowed_roles" time="0.408" /><testcase classname="backend.tests.test_iter36_article_roles.TestNewsCategoriesMerge" name="test_zkusenosti_allows_user_role" time="0.422" /><testcase classname="backend.tests.test_iter36_article_roles.TestNewsCategoriesMerge" name="test_local_category_allowed_roles" time="0.407" /><testcase classname="backend.tests.test_iter36_article_roles.TestNewsCategoriesMerge" name="test_world_category_admin_only" time="0.415" /><testcase classname="backend.tests.test_iter36_article_roles.TestNewsPostCategoryFix" name="test_post_news_to_local_as_user_with_permission" time="3.730" /><testcase classname="backend.tests.test_iter36_article_roles.TestNewsPostCategoryFix" name="test_post_news_to_world_as_user_blocked" time="3.755" /><testcase classname="backend.tests.test_iter36_article_roles.TestNewsPostCategoryFix" name="test_post_news_admin_can_post_any_category" time="4.680" /></testsuite></testsuites>