<?xml version="1.0" encoding="utf-8"?><testsuites name="pytest tests"><testsuite name="pytest" errors="0" failures="0" skipped="0" tests="17" time="1.700" timestamp="2026-03-09T12:21:16.172833+00:00" hostname="agent-env-15447a1a-2ef5-402b-a0a5-3bdffa574bb0"><testcase classname="backend.tests.test_iter37_search.TestSearchAuthentication" name="test_search_requires_auth_no_token" time="0.154" /><testcase classname="backend.tests.test_iter37_search.TestSearchAuthentication" name="test_search_requires_auth_invalid_token" time="0.122" /><testcase classname="backend.tests.test_iter37_search.TestSearchValidation" name="test_search_short_query_1_char_returns_422" time="0.477" /><testcase classname="backend.tests.test_iter37_search.TestSearchValidation" name="test_search_empty_query_returns_422" time="0.059" /><testcase classname="backend.tests.test_iter37_search.TestSearchValidation" name="test_search_no_query_param_returns_422" time="0.056" /><testcase classname="backend.tests.test_iter37_search.TestSearchResults" name="test_search_returns_grouped_structure" time="0.060" /><testcase classname="backend.tests.test_iter37_search.TestSearchResults" name="test_search_query_echoed_back" time="0.050" /><testcase classname="backend.tests.test_iter37_search.TestSearchResults" name="test_search_totals_are_integers" time="0.058" /><testcase classname="backend.tests.test_iter37_search.TestSearchResults" name="test_search_limit_respected" time="0.058" /><testcase classname="backend.tests.test_iter37_search.TestSearchResults" name="test_search_no_mongodb_id_in_results" time="0.056" /><testcase classname="backend.tests.test_iter37_search.TestSearchResults" name="test_search_nonexistent_term_empty_results" time="0.056" /><testcase classname="backend.tests.test_iter37_search.TestSearchResults" name="test_search_case_insensitive" time="0.095" /><testcase classname="backend.tests.test_iter37_search.TestSearchResults" name="test_search_posts_result_fields" time="0.054" /><testcase classname="backend.tests.test_iter37_search.TestSearchResults" name="test_search_users_result_fields" time="0.098" /><testcase classname="backend.tests.test_iter37_search.TestSearchResults" name="test_search_with_2_char_minimum" time="0.061" /><testcase classname="backend.tests.test_iter37_search.TestSearchResults" name="test_search_default_limit" time="0.046" /><testcase classname="backend.tests.test_iter37_search.TestSearchResults" name="test_search_large_limit" time="0.050" /></testsuite></testsuites>