<?xml version="1.0" encoding="utf-8"?><testsuites name="pytest tests"><testsuite name="pytest" errors="0" failures="0" skipped="0" tests="14" time="17.247" timestamp="2026-03-10T07:56:48.772936+00:00" hostname="agent-env-4553d0d4-879e-4cca-9ffc-bacb0d993b0b"><testcase classname="backend.tests.test_verification_specialization.TestVerificationRequestsAdmin" name="test_admin_login_success" time="0.812" /><testcase classname="backend.tests.test_verification_specialization.TestVerificationRequestsAdmin" name="test_admin_get_verification_requests_empty_or_list" time="1.079" /><testcase classname="backend.tests.test_verification_specialization.TestVerificationRequestsAdmin" name="test_unauthenticated_get_verification_requests_denied" time="0.416" /><testcase classname="backend.tests.test_verification_specialization.TestVerificationRequestSubmit" name="test_user_can_submit_verification_request" time="2.198" /><testcase classname="backend.tests.test_verification_specialization.TestVerificationRequestSubmit" name="test_verification_request_appears_in_admin_list" time="1.688" /><testcase classname="backend.tests.test_verification_specialization.TestVerificationRequestSubmit" name="test_unauthenticated_cannot_submit_verification_request" time="1.688" /><testcase classname="backend.tests.test_verification_specialization.TestVerificationStatusUpdate" name="test_admin_can_mark_request_as_reviewed" time="1.548" /><testcase classname="backend.tests.test_verification_specialization.TestVerificationStatusUpdate" name="test_admin_can_mark_request_as_rejected" time="2.604" /><testcase classname="backend.tests.test_verification_specialization.TestVerificationStatusUpdate" name="test_update_nonexistent_request_returns_404" time="1.050" /><testcase classname="backend.tests.test_verification_specialization.TestVerificationStatusUpdate" name="test_unauthenticated_cannot_update_status" time="0.426" /><testcase classname="backend.tests.test_verification_specialization.TestSpecializationLabel" name="test_admin_set_specialization_label" time="1.935" /><testcase classname="backend.tests.test_verification_specialization.TestSpecializationLabel" name="test_cannot_set_label_for_regular_user" time="0.884" /><testcase classname="backend.tests.test_verification_specialization.TestSpecializationLabel" name="test_set_label_for_nonexistent_user_returns_404" time="0.436" /><testcase classname="backend.tests.test_verification_specialization.TestSpecializationLabel" name="test_unauthenticated_cannot_set_label" time="0.413" /></testsuite></testsuites>