<?xml version="1.0" encoding="utf-8"?><testsuites name="pytest tests"><testsuite name="pytest" errors="0" failures="0" skipped="0" tests="8" time="5.362" timestamp="2026-03-09T23:33:06.348073+00:00" hostname="agent-env-23737fab-3fac-419f-8d1f-8e6ac5c029c5"><testcase classname="backend.tests.test_marker_colors_extension.TestGetMarkerColors" name="test_get_marker_colors_returns_200" time="0.456" /><testcase classname="backend.tests.test_marker_colors_extension.TestGetMarkerColors" name="test_get_marker_colors_returns_dict" time="0.505" /><testcase classname="backend.tests.test_marker_colors_extension.TestGetMarkerColors" name="test_get_marker_colors_has_default_keys" time="0.408" /><testcase classname="backend.tests.test_marker_colors_extension.TestGetMarkerColors" name="test_get_marker_colors_default_has_messages_and_profile" time="0.412" /><testcase classname="backend.tests.test_marker_colors_extension.TestPutMarkerColors" name="test_put_marker_colors_requires_auth" time="0.455" /><testcase classname="backend.tests.test_marker_colors_extension.TestPutMarkerColors" name="test_put_marker_colors_saves_with_admin" time="1.489" /><testcase classname="backend.tests.test_marker_colors_extension.TestPutMarkerColors" name="test_put_marker_colors_messages_persisted" time="0.784" /><testcase classname="backend.tests.test_marker_colors_extension.TestPutMarkerColors" name="test_put_marker_colors_profile_persisted" time="0.790" /></testsuite></testsuites>