<?xml version="1.0" encoding="utf-8"?><testsuites name="pytest tests"><testsuite name="pytest" errors="0" failures="0" skipped="0" tests="19" time="5.807" timestamp="2026-03-10T12:28:24.294498+00:00" hostname="agent-env-4553d0d4-879e-4cca-9ffc-bacb0d993b0b"><testcase classname="backend.tests.test_iter52_stories_news_support.TestSectionSettings" name="test_get_sections_returns_stories_key" time="0.140" /><testcase classname="backend.tests.test_iter52_stories_news_support.TestSectionSettings" name="test_stories_section_has_title" time="0.079" /><testcase classname="backend.tests.test_iter52_stories_news_support.TestSectionSettings" name="test_stories_section_has_subtitle" time="0.111" /><testcase classname="backend.tests.test_iter52_stories_news_support.TestSectionSettings" name="test_stories_section_visible" time="0.080" /><testcase classname="backend.tests.test_iter52_stories_news_support.TestStoriesEndpoint" name="test_get_stories_returns_200" time="0.420" /><testcase classname="backend.tests.test_iter52_stories_news_support.TestStoriesEndpoint" name="test_get_stories_returns_list" time="0.104" /><testcase classname="backend.tests.test_iter52_stories_news_support.TestStoriesEndpoint" name="test_test_story_exists" time="0.191" /><testcase classname="backend.tests.test_iter52_stories_news_support.TestStoriesEndpoint" name="test_stories_section_filter" time="0.081" /><testcase classname="backend.tests.test_iter52_stories_news_support.TestQAReplyPermissions" name="test_regular_user_can_reply_to_stories" time="1.400" /><testcase classname="backend.tests.test_iter52_stories_news_support.TestQAReplyPermissions" name="test_regular_user_cannot_reply_to_legal" time="0.196" /><testcase classname="backend.tests.test_iter52_stories_news_support.TestQAReplyPermissions" name="test_admin_can_reply_to_stories" time="0.317" /><testcase classname="backend.tests.test_iter52_stories_news_support.TestNewsEdit" name="test_admin_can_update_news" time="0.384" /><testcase classname="backend.tests.test_iter52_stories_news_support.TestNewsEdit" name="test_update_news_returns_updated_object" time="0.276" /><testcase classname="backend.tests.test_iter52_stories_news_support.TestNewsEdit" name="test_non_admin_cannot_update_other_news" time="0.289" /><testcase classname="backend.tests.test_iter52_stories_news_support.TestServicesEdit" name="test_admin_can_update_any_service" time="0.260" /><testcase classname="backend.tests.test_iter52_stories_news_support.TestServicesEdit" name="test_owner_can_update_own_service" time="0.246" /><testcase classname="backend.tests.test_iter52_stories_news_support.TestStoriesCreate" name="test_regular_user_can_create_story" time="0.157" /><testcase classname="backend.tests.test_iter52_stories_news_support.TestStoriesCreate" name="test_story_has_correct_section" time="0.164" /><testcase classname="backend.tests.test_iter52_stories_news_support.TestLawyerBadge" name="test_lawyer_can_answer_legal_question" time="0.828" /></testsuite></testsuites>