<?xml version="1.0" encoding="utf-8"?><testsuites name="pytest tests"><testsuite name="pytest" errors="0" failures="0" skipped="0" tests="24" time="11.764" timestamp="2026-03-09T12:52:43.688720+00:00" hostname="agent-env-391d7473-1945-434d-baf0-2070191287b2"><testcase classname="backend.tests.test_iter38_search_social.TestSearch7Keys" name="test_search_returns_200" time="1.362" /><testcase classname="backend.tests.test_iter38_search_social.TestSearch7Keys" name="test_search_has_results_key" time="0.392" /><testcase classname="backend.tests.test_iter38_search_social.TestSearch7Keys" name="test_search_results_has_posts" time="0.386" /><testcase classname="backend.tests.test_iter38_search_social.TestSearch7Keys" name="test_search_results_has_users" time="0.371" /><testcase classname="backend.tests.test_iter38_search_social.TestSearch7Keys" name="test_search_results_has_specialists" time="0.392" /><testcase classname="backend.tests.test_iter38_search_social.TestSearch7Keys" name="test_search_results_has_services" time="0.375" /><testcase classname="backend.tests.test_iter38_search_social.TestSearch7Keys" name="test_search_results_has_articles" time="0.387" /><testcase classname="backend.tests.test_iter38_search_social.TestSearch7Keys" name="test_search_results_has_questions" time="0.386" /><testcase classname="backend.tests.test_iter38_search_social.TestSearch7Keys" name="test_search_results_has_reviews" time="0.387" /><testcase classname="backend.tests.test_iter38_search_social.TestSearch7Keys" name="test_search_totals_has_7_keys" time="0.381" /><testcase classname="backend.tests.test_iter38_search_social.TestSearch7Keys" name="test_search_results_lists_not_none" time="0.392" /><testcase classname="backend.tests.test_iter38_search_social.TestSearch7Keys" name="test_search_questions_list_type" time="0.375" /><testcase classname="backend.tests.test_iter38_search_social.TestSearch7Keys" name="test_search_reviews_list_type" time="0.374" /><testcase classname="backend.tests.test_iter38_search_social.TestSearch7Keys" name="test_search_specialists_only_approved" time="0.404" /><testcase classname="backend.tests.test_iter38_search_social.TestSearch7Keys" name="test_search_no_mongo_id_in_questions" time="0.381" /><testcase classname="backend.tests.test_iter38_search_social.TestSearch7Keys" name="test_search_no_mongo_id_in_reviews" time="0.370" /><testcase classname="backend.tests.test_iter38_search_social.TestSocialLinks" name="test_update_profile_with_social_links" time="0.383" /><testcase classname="backend.tests.test_iter38_search_social.TestSocialLinks" name="test_instagram_persisted_in_response" time="0.382" /><testcase classname="backend.tests.test_iter38_search_social.TestSocialLinks" name="test_facebook_persisted_in_response" time="0.381" /><testcase classname="backend.tests.test_iter38_search_social.TestSocialLinks" name="test_linkedin_persisted_in_response" time="0.387" /><testcase classname="backend.tests.test_iter38_search_social.TestSocialLinks" name="test_get_me_returns_social_links" time="0.761" /><testcase classname="backend.tests.test_iter38_search_social.TestSocialLinks" name="test_public_profile_returns_social_links" time="1.160" /><testcase classname="backend.tests.test_iter38_search_social.TestSocialLinks" name="test_clear_social_links_with_empty_string" time="0.752" /><testcase classname="backend.tests.test_iter38_search_social.TestSocialLinks" name="test_cleanup_restore_empty_social_links" time="0.362" /></testsuite></testsuites>