<?xml version="1.0" encoding="utf-8"?><testsuites name="pytest tests"><testsuite name="pytest" errors="0" failures="0" skipped="0" tests="16" time="9.279" timestamp="2026-03-09T23:50:53.986502+00:00" hostname="agent-env-23737fab-3fac-419f-8d1f-8e6ac5c029c5"><testcase classname="backend.tests.test_voice_marker_features.TestMarkerColorsWithFeatured" name="test_get_marker_colors_returns_200" time="0.540" /><testcase classname="backend.tests.test_voice_marker_features.TestMarkerColorsWithFeatured" name="test_get_marker_colors_returns_dict" time="0.395" /><testcase classname="backend.tests.test_voice_marker_features.TestMarkerColorsWithFeatured" name="test_marker_colors_has_featured_key" time="0.397" /><testcase classname="backend.tests.test_voice_marker_features.TestMarkerColorsWithFeatured" name="test_marker_colors_featured_is_valid_hex" time="0.406" /><testcase classname="backend.tests.test_voice_marker_features.TestMarkerColorsWithFeatured" name="test_marker_colors_has_all_10_keys" time="0.410" /><testcase classname="backend.tests.test_voice_marker_features.TestMarkerColorsWithFeatured" name="test_all_marker_colors_are_valid_hex" time="0.425" /><testcase classname="backend.tests.test_voice_marker_features.TestAudioMediaUpload" name="test_upload_audio_webm_accepted" time="1.048" /><testcase classname="backend.tests.test_voice_marker_features.TestAudioMediaUpload" name="test_upload_audio_webm_returns_audio_media_type" time="0.411" /><testcase classname="backend.tests.test_voice_marker_features.TestAudioMediaUpload" name="test_upload_audio_webm_returns_url" time="0.414" /><testcase classname="backend.tests.test_voice_marker_features.TestAudioMediaUpload" name="test_upload_audio_mp4_accepted" time="0.396" /><testcase classname="backend.tests.test_voice_marker_features.TestAudioMediaUpload" name="test_upload_audio_ogg_accepted" time="0.411" /><testcase classname="backend.tests.test_voice_marker_features.TestAudioMediaUpload" name="test_upload_unsupported_type_rejected" time="0.418" /><testcase classname="backend.tests.test_voice_marker_features.TestAudioMediaUpload" name="test_upload_requires_auth" time="0.403" /><testcase classname="backend.tests.test_voice_marker_features.TestMarkerColorsAdminUpdate" name="test_put_marker_colors_without_auth_rejected" time="0.409" /><testcase classname="backend.tests.test_voice_marker_features.TestMarkerColorsAdminUpdate" name="test_put_marker_colors_with_auth_succeeds" time="1.123" /><testcase classname="backend.tests.test_voice_marker_features.TestMarkerColorsAdminUpdate" name="test_featured_color_persisted_after_update" time="1.620" /></testsuite></testsuites>