<?xml version="1.0" encoding="utf-8"?><testsuites name="pytest tests"><testsuite name="pytest" errors="0" failures="0" skipped="0" tests="20" time="3.646" timestamp="2026-03-09T07:22:01.474835+00:00" hostname="agent-env-a2ab21f4-226b-4a41-9f06-b35300f19721"><testcase classname="backend.tests.test_iter34_text_sections.TestTextSettingsAPI" name="test_get_text_settings_returns_200" time="0.288" /><testcase classname="backend.tests.test_iter34_text_sections.TestTextSettingsAPI" name="test_get_text_settings_is_dict" time="0.098" /><testcase classname="backend.tests.test_iter34_text_sections.TestTextSettingsAPI" name="test_text_settings_only_known_keys" time="0.112" /><testcase classname="backend.tests.test_iter34_text_sections.TestTextSettingsAPI" name="test_text_settings_values_are_strings_or_absent" time="0.118" /><testcase classname="backend.tests.test_iter34_text_sections.TestSectionSettingsAPI" name="test_get_sections_returns_200" time="0.121" /><testcase classname="backend.tests.test_iter34_text_sections.TestSectionSettingsAPI" name="test_get_sections_has_all_6_keys" time="0.081" /><testcase classname="backend.tests.test_iter34_text_sections.TestSectionSettingsAPI" name="test_each_section_has_order_field" time="0.092" /><testcase classname="backend.tests.test_iter34_text_sections.TestSectionSettingsAPI" name="test_each_section_has_visible_field" time="0.118" /><testcase classname="backend.tests.test_iter34_text_sections.TestSectionSettingsAPI" name="test_default_order_values" time="0.117" /><testcase classname="backend.tests.test_iter34_text_sections.TestSectionSettingsAPI" name="test_section_titles_present" time="0.290" /><testcase classname="backend.tests.test_iter34_text_sections.TestSectionSettingsAPI" name="test_admin_titles_overridden" time="0.084" /><testcase classname="backend.tests.test_iter34_text_sections.TestSectionSettingsUpdate" name="test_update_sections_requires_auth" time="0.082" /><testcase classname="backend.tests.test_iter34_text_sections.TestSectionSettingsUpdate" name="test_update_section_order_drag_drop" time="0.706" /><testcase classname="backend.tests.test_iter34_text_sections.TestSectionSettingsUpdate" name="test_update_section_visibility" time="0.347" /><testcase classname="backend.tests.test_iter34_text_sections.TestSectionSettingsUpdate" name="test_update_response_has_sections_and_message" time="0.186" /><testcase classname="backend.tests.test_iter34_text_sections.TestTextSettingsAdminUpdate" name="test_update_text_requires_auth" time="0.078" /><testcase classname="backend.tests.test_iter34_text_sections.TestTextSettingsAdminUpdate" name="test_update_footer_text_and_verify" time="0.220" /><testcase classname="backend.tests.test_iter34_text_sections.TestTextSettingsAdminUpdate" name="test_update_help_text_and_verify" time="0.154" /><testcase classname="backend.tests.test_iter34_text_sections.TestTextSettingsAdminUpdate" name="test_update_about_text_and_verify" time="0.169" /><testcase classname="backend.tests.test_iter34_text_sections.TestTextSettingsAdminUpdate" name="test_update_invalid_key_rejected" time="0.109" /></testsuite></testsuites>