<?xml version="1.0" encoding="utf-8"?><testsuites name="pytest tests"><testsuite name="pytest" errors="0" failures="0" skipped="0" tests="13" time="2.794" timestamp="2026-03-09T06:57:55.673516+00:00" hostname="agent-env-a2ab21f4-226b-4a41-9f06-b35300f19721"><testcase classname="backend.tests.test_section_settings_iter33.TestSectionSettingsGet" name="test_sections_returns_200" time="0.254" /><testcase classname="backend.tests.test_section_settings_iter33.TestSectionSettingsGet" name="test_sections_returns_all_six_keys" time="0.079" /><testcase classname="backend.tests.test_section_settings_iter33.TestSectionSettingsGet" name="test_sections_all_have_visible_flag" time="0.098" /><testcase classname="backend.tests.test_section_settings_iter33.TestSectionSettingsGet" name="test_sections_all_visible_true" time="0.085" /><testcase classname="backend.tests.test_section_settings_iter33.TestSectionSettingsGet" name="test_sections_have_title" time="0.122" /><testcase classname="backend.tests.test_section_settings_iter33.TestSectionSettingsGet" name="test_sections_have_subtitle" time="0.143" /><testcase classname="backend.tests.test_section_settings_iter33.TestSectionSettingsGet" name="test_legal_title_is_admin_overridden" time="0.087" /><testcase classname="backend.tests.test_section_settings_iter33.TestSectionSettingsGet" name="test_news_title_is_admin_overridden" time="0.077" /><testcase classname="backend.tests.test_section_settings_iter33.TestSectionSettingsUpdate" name="test_update_sections_requires_auth" time="0.086" /><testcase classname="backend.tests.test_section_settings_iter33.TestSectionSettingsUpdate" name="test_update_visibility_toggle" time="0.850" /><testcase classname="backend.tests.test_section_settings_iter33.TestSectionSettingsUpdate" name="test_update_title_persists" time="0.466" /><testcase classname="backend.tests.test_section_settings_iter33.TestSectionSettingsUpdate" name="test_update_returns_sections_in_response" time="0.249" /><testcase classname="backend.tests.test_section_settings_iter33.TestSectionSettingsUpdate" name="test_deep_merge_defaults_preserved" time="0.102" /></testsuite></testsuites>