<?xml version="1.0" encoding="utf-8"?><testsuites name="pytest tests"><testsuite name="pytest" errors="0" failures="0" skipped="0" tests="17" time="1.899" timestamp="2026-03-10T06:35:28.383183+00:00" hostname="agent-env-23737fab-3fac-419f-8d1f-8e6ac5c029c5"><testcase classname="backend.tests.test_mime_codec_fix.TestAudioMimeCodecSuffix" name="test_audio_webm_with_codec_suffix_returns_200" time="0.426" /><testcase classname="backend.tests.test_mime_codec_fix.TestAudioMimeCodecSuffix" name="test_audio_webm_codec_suffix_returns_audio_media_type" time="0.075" /><testcase classname="backend.tests.test_mime_codec_fix.TestAudioMimeCodecSuffix" name="test_audio_webm_codec_suffix_returns_valid_url" time="0.129" /><testcase classname="backend.tests.test_mime_codec_fix.TestAudioMimeCodecSuffix" name="test_audio_webm_clean_mime_returns_200" time="0.080" /><testcase classname="backend.tests.test_mime_codec_fix.TestAudioMimeCodecSuffix" name="test_audio_mp4_with_codec_suffix_returns_200" time="0.079" /><testcase classname="backend.tests.test_mime_codec_fix.TestAudioMimeCodecSuffix" name="test_audio_mp4_simple_codec_suffix_returns_200" time="0.118" /><testcase classname="backend.tests.test_mime_codec_fix.TestAudioMimeCodecSuffix" name="test_audio_ogg_returns_200" time="0.084" /><testcase classname="backend.tests.test_mime_codec_fix.TestAudioMimeCodecSuffix" name="test_audio_ogg_with_codec_suffix_returns_200" time="0.085" /><testcase classname="backend.tests.test_mime_codec_fix.TestAudioMimeCodecSuffix" name="test_audio_mpeg_returns_200" time="0.083" /><testcase classname="backend.tests.test_mime_codec_fix.TestInvalidMimeRejection" name="test_text_plain_returns_400" time="0.105" /><testcase classname="backend.tests.test_mime_codec_fix.TestInvalidMimeRejection" name="test_text_html_returns_400" time="0.070" /><testcase classname="backend.tests.test_mime_codec_fix.TestInvalidMimeRejection" name="test_application_json_returns_400" time="0.087" /><testcase classname="backend.tests.test_mime_codec_fix.TestInvalidMimeRejection" name="test_unauthenticated_returns_401_or_403" time="0.085" /><testcase classname="backend.tests.test_mime_codec_fix.TestImageUploadRegression" name="test_image_jpeg_returns_200" time="0.082" /><testcase classname="backend.tests.test_mime_codec_fix.TestImageUploadRegression" name="test_image_jpeg_returns_image_media_type" time="0.080" /><testcase classname="backend.tests.test_mime_codec_fix.TestImageUploadRegression" name="test_image_png_returns_200" time="0.082" /><testcase classname="backend.tests.test_mime_codec_fix.TestErrorMessageContainsMimeType" name="test_error_message_includes_actual_ct" time="0.083" /></testsuite></testsuites>