<?xml version="1.0" encoding="utf-8"?><testsuites name="pytest tests"><testsuite name="pytest" errors="0" failures="0" skipped="0" tests="19" time="11.867" timestamp="2026-03-08T23:23:05.614582+00:00" hostname="agent-env-71db76c2-631e-4884-9504-666282fc6c7b"><testcase classname="backend.tests.test_notification_prefs.TestGetMeNotificationPrefs" name="test_get_me_returns_notification_prefs_field" time="1.239" /><testcase classname="backend.tests.test_notification_prefs.TestGetMeNotificationPrefs" name="test_get_me_notification_prefs_has_all_keys" time="0.400" /><testcase classname="backend.tests.test_notification_prefs.TestGetMeNotificationPrefs" name="test_get_me_notification_prefs_default_all_true" time="0.432" /><testcase classname="backend.tests.test_notification_prefs.TestUpdateNotificationPrefs" name="test_put_notification_prefs_200" time="0.418" /><testcase classname="backend.tests.test_notification_prefs.TestUpdateNotificationPrefs" name="test_put_notification_prefs_returns_prefs_object" time="0.554" /><testcase classname="backend.tests.test_notification_prefs.TestUpdateNotificationPrefs" name="test_put_notification_prefs_saves_false_messages" time="0.440" /><testcase classname="backend.tests.test_notification_prefs.TestUpdateNotificationPrefs" name="test_put_notification_prefs_persisted_via_get_me" time="0.852" /><testcase classname="backend.tests.test_notification_prefs.TestUpdateNotificationPrefs" name="test_put_notification_prefs_saves_false_services" time="0.412" /><testcase classname="backend.tests.test_notification_prefs.TestUpdateNotificationPrefs" name="test_put_notification_prefs_saves_false_news" time="0.420" /><testcase classname="backend.tests.test_notification_prefs.TestUpdateNotificationPrefs" name="test_put_notification_prefs_all_false" time="0.422" /><testcase classname="backend.tests.test_notification_prefs.TestUpdateNotificationPrefs" name="test_put_notification_prefs_restore_all_true" time="0.400" /><testcase classname="backend.tests.test_notification_prefs.TestUpdateNotificationPrefs" name="test_put_notification_prefs_requires_auth" time="0.409" /><testcase classname="backend.tests.test_notification_prefs.TestNotificationPrefsDefaults" name="test_partial_body_defaults_missing_keys" time="0.431" /><testcase classname="backend.tests.test_notification_prefs.TestNotificationPrefsDefaults" name="test_restore_defaults_after_partial_test" time="0.437" /><testcase classname="backend.tests.test_notification_prefs.TestPushPreferenceFiltering" name="test_disabling_messages_reflected_in_me" time="1.235" /><testcase classname="backend.tests.test_notification_prefs.TestPushPreferenceFiltering" name="test_disabling_services_reflected_in_me" time="1.225" /><testcase classname="backend.tests.test_notification_prefs.TestPushPreferenceFiltering" name="test_disabling_news_reflected_in_me" time="1.237" /><testcase classname="backend.tests.test_notification_prefs.TestPushPreferenceFiltering" name="test_push_subscription_still_works_when_prefs_enabled" time="0.411" /><testcase classname="backend.tests.test_notification_prefs.TestPushPreferenceFiltering" name="test_all_prefs_restored_to_true_final" time="0.418" /></testsuite></testsuites>