<?xml version="1.0" encoding="utf-8"?><testsuites name="pytest tests"><testsuite name="pytest" errors="0" failures="0" skipped="0" tests="29" time="18.150" timestamp="2026-03-09T08:11:37.602186+00:00" hostname="agent-env-15447a1a-2ef5-402b-a0a5-3bdffa574bb0"><testcase classname="backend.tests.test_phase1_subcatRoles.TestNewsCategoriesPublic" name="test_get_news_categories_status" time="0.559" /><testcase classname="backend.tests.test_phase1_subcatRoles.TestNewsCategoriesPublic" name="test_get_news_categories_returns_list" time="0.524" /><testcase classname="backend.tests.test_phase1_subcatRoles.TestNewsCategoriesPublic" name="test_news_categories_have_allowed_roles" time="0.434" /><testcase classname="backend.tests.test_phase1_subcatRoles.TestNewsCategoriesPublic" name="test_zkusenosti_default_roles" time="0.401" /><testcase classname="backend.tests.test_phase1_subcatRoles.TestNewsCategoriesPublic" name="test_other_categories_admin_only_by_default" time="0.411" /><testcase classname="backend.tests.test_phase1_subcatRoles.TestNewsCategoriesAdmin" name="test_admin_get_news_categories_status" time="1.079" /><testcase classname="backend.tests.test_phase1_subcatRoles.TestNewsCategoriesAdmin" name="test_admin_news_categories_requires_auth" time="0.421" /><testcase classname="backend.tests.test_phase1_subcatRoles.TestNewsCategoriesAdmin" name="test_admin_news_categories_have_allowed_roles" time="0.431" /><testcase classname="backend.tests.test_phase1_subcatRoles.TestNewsCategoriesAdmin" name="test_admin_news_categories_match_public" time="0.800" /><testcase classname="backend.tests.test_phase1_subcatRoles.TestUpdateNewsCategoryRoles" name="test_update_roles_requires_admin" time="1.959" /><testcase classname="backend.tests.test_phase1_subcatRoles.TestUpdateNewsCategoryRoles" name="test_update_roles_requires_auth" time="0.405" /><testcase classname="backend.tests.test_phase1_subcatRoles.TestUpdateNewsCategoryRoles" name="test_update_world_category_add_user_role" time="0.428" /><testcase classname="backend.tests.test_phase1_subcatRoles.TestUpdateNewsCategoryRoles" name="test_update_roles_persisted" time="1.269" /><testcase classname="backend.tests.test_phase1_subcatRoles.TestUpdateNewsCategoryRoles" name="test_update_roles_empty_list_rejected" time="0.420" /><testcase classname="backend.tests.test_phase1_subcatRoles.TestUpdateNewsCategoryRoles" name="test_update_roles_invalid_role_filtered" time="0.400" /><testcase classname="backend.tests.test_phase1_subcatRoles.TestUpdateNewsCategoryRoles" name="test_update_nonexistent_category" time="0.445" /><testcase classname="backend.tests.test_phase1_subcatRoles.TestUpdateNewsCategoryRoles" name="test_restore_world_to_admin_only" time="0.442" /><testcase classname="backend.tests.test_phase1_subcatRoles.TestNewsPostPermissions" name="test_admin_can_post_to_any_category" time="0.459" /><testcase classname="backend.tests.test_phase1_subcatRoles.TestNewsPostPermissions" name="test_regular_user_can_post_to_zkusenosti" time="0.408" /><testcase classname="backend.tests.test_phase1_subcatRoles.TestNewsPostPermissions" name="test_regular_user_cannot_post_to_local" time="0.426" /><testcase classname="backend.tests.test_phase1_subcatRoles.TestNewsPostPermissions" name="test_post_requires_authentication" time="0.415" /><testcase classname="backend.tests.test_phase1_subcatRoles.TestNewsPostPermissions" name="test_community_story_flag" time="0.442" /><testcase classname="backend.tests.test_phase1_subcatRoles.TestNewsPostPermissions" name="test_dynamic_role_grant_allows_user_to_post" time="1.280" /><testcase classname="backend.tests.test_phase1_subcatRoles.TestNewsPostPermissions" name="test_cleanup_test_news" time="1.727" /><testcase classname="backend.tests.test_phase1_subcatRoles.TestUserPublicProfile" name="test_public_profile_exists" time="0.408" /><testcase classname="backend.tests.test_phase1_subcatRoles.TestUserPublicProfile" name="test_public_profile_fields" time="0.431" /><testcase classname="backend.tests.test_phase1_subcatRoles.TestUserPublicProfile" name="test_public_profile_nonexistent_user" time="0.402" /><testcase classname="backend.tests.test_phase1_subcatRoles.TestUserPublicProfile" name="test_public_profile_requires_auth" time="0.410" /><testcase classname="backend.tests.test_phase1_subcatRoles.TestCleanup" name="test_delete_test_user" time="0.425" /></testsuite></testsuites>