<?xml version="1.0" encoding="utf-8"?><testsuites name="pytest tests"><testsuite name="pytest" errors="0" failures="0" skipped="0" tests="23" time="19.818" timestamp="2026-03-08T22:48:49.259914+00:00" hostname="agent-env-71db76c2-631e-4884-9504-666282fc6c7b"><testcase classname="backend.tests.test_push_notifications.TestVapidKey" name="test_vapid_key_returns_200" time="0.609" /><testcase classname="backend.tests.test_push_notifications.TestVapidKey" name="test_vapid_key_contains_public_key" time="0.518" /><testcase classname="backend.tests.test_push_notifications.TestVapidKey" name="test_vapid_key_is_valid_base64url" time="0.408" /><testcase classname="backend.tests.test_push_notifications.TestPushSubscription" name="test_subscribe_requires_auth" time="0.421" /><testcase classname="backend.tests.test_push_notifications.TestPushSubscription" name="test_subscribe_saves_to_mongodb" time="1.117" /><testcase classname="backend.tests.test_push_notifications.TestPushSubscription" name="test_subscribe_upsert_behavior" time="1.473" /><testcase classname="backend.tests.test_push_notifications.TestPushSubscription" name="test_subscribe_invalid_subscription_returns_400" time="1.062" /><testcase classname="backend.tests.test_push_notifications.TestPushSubscription" name="test_unsubscribe_removes_from_mongodb" time="1.521" /><testcase classname="backend.tests.test_push_notifications.TestDMPushTrigger" name="test_dm_triggers_push_attempt" time="1.906" /><testcase classname="backend.tests.test_push_notifications.TestServiceBroadcastPush" name="test_service_creation_triggers_broadcast" time="2.897" /><testcase classname="backend.tests.test_push_notifications.TestNewsBroadcastPush" name="test_admin_news_triggers_broadcast_push" time="2.497" /><testcase classname="backend.tests.test_push_notifications.TestNewsBroadcastPush" name="test_community_story_does_not_trigger_push" time="0.636" /><testcase classname="backend.tests.test_push_notifications.TestPushPayloadFields" name="test_push_payload_fields_for_dm" time="1.463" /><testcase classname="backend.tests.test_push_notifications.TestPushPayloadFields" name="test_push_payload_fields_for_service" time="0.000" /><testcase classname="backend.tests.test_push_notifications.TestPushPayloadFields" name="test_push_payload_fields_for_news" time="0.000" /><testcase classname="backend.tests.test_push_notifications.TestServiceWorker" name="test_sw_push_js_is_served" time="0.423" /><testcase classname="backend.tests.test_push_notifications.TestServiceWorker" name="test_sw_push_js_contains_push_handler" time="0.427" /><testcase classname="backend.tests.test_push_notifications.TestServiceWorker" name="test_sw_push_js_contains_notification_click" time="0.305" /><testcase classname="backend.tests.test_push_notifications.TestServiceWorker" name="test_sw_push_js_uses_correct_tags" time="0.319" /><testcase classname="backend.tests.test_push_notifications.TestServiceWorker" name="test_sw_push_js_shows_notification" time="0.293" /><testcase classname="backend.tests.test_push_notifications.TestServiceWorker" name="test_sw_push_js_content_type" time="0.301" /><testcase classname="backend.tests.test_push_notifications.TestSubscriptionManagement" name="test_push_subscriptions_collection_accessible" time="0.004" /><testcase classname="backend.tests.test_push_notifications.TestSubscriptionManagement" name="test_subscription_doc_structure" time="1.074" /></testsuite></testsuites>