<?xml version="1.0" encoding="utf-8"?><testsuites name="pytest tests"><testsuite name="pytest" errors="0" failures="0" skipped="0" tests="11" time="2.562" timestamp="2026-03-07T11:17:11.346186+00:00" hostname="agent-env-b9ab28b0-d83f-45f3-b1be-08c5d84a9b97"><testcase classname="backend.tests.test_bloom_iteration23.TestStaticAssets" name="test_favicon_ico" time="0.138" /><testcase classname="backend.tests.test_bloom_iteration23.TestStaticAssets" name="test_bloom_lotus_svg" time="0.115" /><testcase classname="backend.tests.test_bloom_iteration23.TestStaticAssets" name="test_android_chrome_192" time="0.139" /><testcase classname="backend.tests.test_bloom_iteration23.TestStaticAssets" name="test_apple_touch_icon" time="0.111" /><testcase classname="backend.tests.test_bloom_iteration23.TestAuthentication" name="test_login_success" time="0.470" /><testcase classname="backend.tests.test_bloom_iteration23.TestAuthentication" name="test_login_invalid_credentials" time="0.126" /><testcase classname="backend.tests.test_bloom_iteration23.TestGoogleAuth" name="test_google_session_invalid_session" time="0.298" /><testcase classname="backend.tests.test_bloom_iteration23.TestGoogleAuth" name="test_google_session_no_session_id" time="0.116" /><testcase classname="backend.tests.test_bloom_iteration23.TestSpecialistsAPI" name="test_get_specialists" time="0.096" /><testcase classname="backend.tests.test_bloom_iteration23.TestSpecialistsAPI" name="test_create_specialist_admin" time="0.650" /><testcase classname="backend.tests.test_bloom_iteration23.TestArticlesAPI" name="test_get_articles" time="0.103" /></testsuite></testsuites>