<?xml version="1.0" encoding="utf-8"?><testsuites name="pytest tests"><testsuite name="pytest" errors="0" failures="0" skipped="0" tests="29" time="8.080" timestamp="2026-03-06T16:42:50.752123+00:00" hostname="agent-env-09ff436d-4e51-422e-a202-bd801d809d01"><testcase classname="backend.tests.test_phase3_community.TestGallerySettings" name="test_gallery_info_unauthenticated_fails" time="0.658" /><testcase classname="backend.tests.test_phase3_community.TestGallerySettings" name="test_gallery_info_default_public" time="0.199" /><testcase classname="backend.tests.test_phase3_community.TestGallerySettings" name="test_set_gallery_to_protected_requires_password" time="0.099" /><testcase classname="backend.tests.test_phase3_community.TestGallerySettings" name="test_set_gallery_to_protected_with_password" time="0.329" /><testcase classname="backend.tests.test_phase3_community.TestGallerySettings" name="test_gallery_info_shows_protected" time="0.174" /><testcase classname="backend.tests.test_phase3_community.TestGallerySettings" name="test_set_gallery_invalid_privacy_returns_400" time="0.092" /><testcase classname="backend.tests.test_phase3_community.TestGallerySettings" name="test_set_gallery_back_to_public" time="0.092" /><testcase classname="backend.tests.test_phase3_community.TestGalleryVerify" name="test_gallery_info_shows_protected_for_regular_user" time="0.973" /><testcase classname="backend.tests.test_phase3_community.TestGalleryVerify" name="test_verify_wrong_password_returns_403" time="0.811" /><testcase classname="backend.tests.test_phase3_community.TestGalleryVerify" name="test_verify_correct_password_returns_verified" time="0.794" /><testcase classname="backend.tests.test_phase3_community.TestGalleryVerify" name="test_get_protected_photos_without_password_returns_403" time="0.610" /><testcase classname="backend.tests.test_phase3_community.TestGalleryVerify" name="test_get_protected_photos_with_correct_password" time="0.850" /><testcase classname="backend.tests.test_phase3_community.TestGalleryVerify" name="test_owner_can_access_own_protected_gallery" time="0.603" /><testcase classname="backend.tests.test_phase3_community.TestNearbyUsers" name="test_nearby_users_requires_auth" time="0.085" /><testcase classname="backend.tests.test_phase3_community.TestNearbyUsers" name="test_nearby_users_no_location_returns_empty" time="0.078" /><testcase classname="backend.tests.test_phase3_community.TestNearbyUsers" name="test_nearby_users_praha_returns_users" time="0.092" /><testcase classname="backend.tests.test_phase3_community.TestNearbyUsers" name="test_nearby_users_response_structure" time="0.099" /><testcase classname="backend.tests.test_phase3_community.TestNearbyUsers" name="test_nearby_users_excludes_self" time="0.178" /><testcase classname="backend.tests.test_phase3_community.TestNearbyUsers" name="test_nearby_users_different_location" time="0.089" /><testcase classname="backend.tests.test_phase3_community.TestCommunityStories" name="test_regular_user_can_create_zkusenosti" time="0.085" /><testcase classname="backend.tests.test_phase3_community.TestCommunityStories" name="test_community_story_has_is_community_story_true" time="0.085" /><testcase classname="backend.tests.test_phase3_community.TestCommunityStories" name="test_community_story_author_name_set" time="0.095" /><testcase classname="backend.tests.test_phase3_community.TestCommunityStories" name="test_community_story_with_video_url" time="0.168" /><testcase classname="backend.tests.test_phase3_community.TestCommunityStories" name="test_regular_user_blocked_from_world_category" time="0.082" /><testcase classname="backend.tests.test_phase3_community.TestCommunityStories" name="test_regular_user_blocked_from_local_category" time="0.080" /><testcase classname="backend.tests.test_phase3_community.TestCommunityStories" name="test_admin_can_create_world_news" time="0.076" /><testcase classname="backend.tests.test_phase3_community.TestCommunityStories" name="test_admin_can_create_zkusenosti" time="0.168" /><testcase classname="backend.tests.test_phase3_community.TestCommunityStories" name="test_news_list_contains_community_story" time="0.079" /><testcase classname="backend.tests.test_phase3_community.TestCommunityStories" name="test_cleanup_test_stories" time="0.168" /></testsuite></testsuites>