<?xml version="1.0" encoding="utf-8"?><testsuites name="pytest tests"><testsuite name="pytest" errors="0" failures="0" skipped="0" tests="26" time="5.515" timestamp="2026-03-06T10:04:28.281903+00:00" hostname="agent-env-1eee214d-b137-43d4-9dcf-e117357e46d4"><testcase classname="backend.tests.test_bloom_api_v2.TestHealthCheck" name="test_api_health" time="0.161" /><testcase classname="backend.tests.test_bloom_api_v2.TestHealthCheck" name="test_api_root" time="0.117" /><testcase classname="backend.tests.test_bloom_api_v2.TestAuthentication" name="test_register_with_wrong_secret_code" time="0.093" /><testcase classname="backend.tests.test_bloom_api_v2.TestAuthentication" name="test_register_with_correct_secret_code_and_new_fields" time="0.323" /><testcase classname="backend.tests.test_bloom_api_v2.TestAuthentication" name="test_login_with_existing_user" time="0.329" /><testcase classname="backend.tests.test_bloom_api_v2.TestAuthentication" name="test_login_with_invalid_credentials" time="0.088" /><testcase classname="backend.tests.test_bloom_api_v2.TestPasswordReset" name="test_password_reset_request" time="0.090" /><testcase classname="backend.tests.test_bloom_api_v2.TestUserRatings" name="test_rate_user" time="0.791" /><testcase classname="backend.tests.test_bloom_api_v2.TestUserRatings" name="test_cannot_rate_self" time="0.381" /><testcase classname="backend.tests.test_bloom_api_v2.TestUserRatings" name="test_get_user_ratings" time="0.466" /><testcase classname="backend.tests.test_bloom_api_v2.TestUserRatings" name="test_get_user_profile" time="0.356" /><testcase classname="backend.tests.test_bloom_api_v2.TestUnreadMessages" name="test_get_unread_count" time="0.332" /><testcase classname="backend.tests.test_bloom_api_v2.TestNotifications" name="test_get_notifications" time="0.388" /><testcase classname="backend.tests.test_bloom_api_v2.TestCommunityHighlights" name="test_get_community_highlights" time="0.097" /><testcase classname="backend.tests.test_bloom_api_v2.TestAdminRoleManagement" name="test_admin_setup_first_admin_wrong_secret" time="0.087" /><testcase classname="backend.tests.test_bloom_api_v2.TestAdminRoleManagement" name="test_get_admin_users_unauthorized" time="0.352" /><testcase classname="backend.tests.test_bloom_api_v2.TestSpecialists" name="test_get_specialists" time="0.104" /><testcase classname="backend.tests.test_bloom_api_v2.TestSpecialists" name="test_get_specialists_with_region_filter" time="0.084" /><testcase classname="backend.tests.test_bloom_api_v2.TestNews" name="test_get_news" time="0.089" /><testcase classname="backend.tests.test_bloom_api_v2.TestNews" name="test_get_news_by_category_world" time="0.086" /><testcase classname="backend.tests.test_bloom_api_v2.TestNews" name="test_get_news_by_category_local" time="0.080" /><testcase classname="backend.tests.test_bloom_api_v2.TestNews" name="test_get_news_by_category_tips" time="0.102" /><testcase classname="backend.tests.test_bloom_api_v2.TestNews" name="test_get_news_by_category_events" time="0.116" /><testcase classname="backend.tests.test_bloom_api_v2.TestNews" name="test_get_news_by_category_interviews" time="0.100" /><testcase classname="backend.tests.test_bloom_api_v2.TestServices" name="test_get_services" time="0.080" /><testcase classname="backend.tests.test_bloom_api_v2.TestServices" name="test_get_service_types" time="0.074" /></testsuite></testsuites>