<?xml version="1.0" encoding="utf-8"?><testsuites name="pytest tests"><testsuite name="pytest" errors="0" failures="0" skipped="0" tests="15" time="8.091" timestamp="2026-03-06T14:30:45.324687+00:00" hostname="agent-env-f6cb6510-bbaa-4fac-ac1d-7436734c58eb"><testcase classname="backend.tests.test_phase2_community.TestUsersSearchEndpoint" name="test_search_requires_auth" time="0.589" /><testcase classname="backend.tests.test_phase2_community.TestUsersSearchEndpoint" name="test_search_returns_list" time="1.121" /><testcase classname="backend.tests.test_phase2_community.TestUsersSearchEndpoint" name="test_search_result_structure" time="0.403" /><testcase classname="backend.tests.test_phase2_community.TestUsersSearchEndpoint" name="test_search_max_10_results" time="0.423" /><testcase classname="backend.tests.test_phase2_community.TestUsersSearchEndpoint" name="test_search_min_2_chars_empty_result" time="0.540" /><testcase classname="backend.tests.test_phase2_community.TestUsersSearchEndpoint" name="test_search_with_1_char_returns_empty" time="0.410" /><testcase classname="backend.tests.test_phase2_community.TestUsersSearchEndpoint" name="test_search_empty_query" time="0.413" /><testcase classname="backend.tests.test_phase2_community.TestUsersSearchEndpoint" name="test_search_case_insensitive" time="0.830" /><testcase classname="backend.tests.test_phase2_community.TestUsersSearchEndpoint" name="test_search_no_missing_q_param" time="0.404" /><testcase classname="backend.tests.test_phase2_community.TestUsersSearchEndpoint" name="test_search_2_chars_returns_results" time="0.430" /><testcase classname="backend.tests.test_phase2_community.TestNewsCategory" name="test_news_endpoint_accessible" time="0.401" /><testcase classname="backend.tests.test_phase2_community.TestNewsCategory" name="test_news_category_field_exists" time="0.416" /><testcase classname="backend.tests.test_phase2_community.TestNewsCategory" name="test_create_news_with_zkusenosti_category" time="0.829" /><testcase classname="backend.tests.test_phase2_community.TestCommunityPage" name="test_community_page_accessible" time="0.408" /><testcase classname="backend.tests.test_phase2_community.TestCommunityPage" name="test_community_page_no_auth_required" time="0.398" /></testsuite></testsuites>