<?xml version="1.0" encoding="utf-8"?><testsuites name="pytest tests"><testsuite name="pytest" errors="0" failures="0" skipped="1" tests="39" time="5.444" timestamp="2026-03-08T22:14:36.820119+00:00" hostname="agent-env-5c2d8a4a-b87b-4137-9613-804a4f3388a7"><testcase classname="backend.tests.test_refactor_iteration28.TestHealth" name="test_health_returns_200" time="0.117" /><testcase classname="backend.tests.test_refactor_iteration28.TestAuth" name="test_login_success" time="0.324" /><testcase classname="backend.tests.test_refactor_iteration28.TestAuth" name="test_login_wrong_password" time="0.304" /><testcase classname="backend.tests.test_refactor_iteration28.TestAuth" name="test_get_me_with_valid_token" time="0.427" /><testcase classname="backend.tests.test_refactor_iteration28.TestAuth" name="test_get_me_without_token" time="0.072" /><testcase classname="backend.tests.test_refactor_iteration28.TestAuth" name="test_register_new_user" time="1.235" /><testcase classname="backend.tests.test_refactor_iteration28.TestAuth" name="test_register_wrong_community_password" time="0.070"><skipped type="pytest.skip" message="Entry password is disabled in this environment - wrong password test not applicable">/app/backend/tests/test_refactor_iteration28.py:126: Entry password is disabled in this environment - wrong password test not applicable</skipped></testcase><testcase classname="backend.tests.test_refactor_iteration28.TestAdminEndpoints" name="test_admin_users_list" time="0.097" /><testcase classname="backend.tests.test_refactor_iteration28.TestAdminEndpoints" name="test_admin_users_requires_auth" time="0.084" /><testcase classname="backend.tests.test_refactor_iteration28.TestAdminEndpoints" name="test_admin_bug_reports" time="0.108" /><testcase classname="backend.tests.test_refactor_iteration28.TestAdminEndpoints" name="test_admin_reviews" time="0.095" /><testcase classname="backend.tests.test_refactor_iteration28.TestAdminEndpoints" name="test_admin_services" time="0.093" /><testcase classname="backend.tests.test_refactor_iteration28.TestAdminEndpoints" name="test_admin_reports" time="0.096" /><testcase classname="backend.tests.test_refactor_iteration28.TestAdminEndpoints" name="test_admin_specialists_pending" time="0.091" /><testcase classname="backend.tests.test_refactor_iteration28.TestAdminEndpoints" name="test_admin_article_categories" time="0.090" /><testcase classname="backend.tests.test_refactor_iteration28.TestAdminEndpoints" name="test_admin_specialist_categories" time="0.078" /><testcase classname="backend.tests.test_refactor_iteration28.TestMessagesNotifications" name="test_get_conversations" time="0.091" /><testcase classname="backend.tests.test_refactor_iteration28.TestMessagesNotifications" name="test_get_unread_count" time="0.090" /><testcase classname="backend.tests.test_refactor_iteration28.TestMessagesNotifications" name="test_get_notifications" time="0.073" /><testcase classname="backend.tests.test_refactor_iteration28.TestMessagesNotifications" name="test_mark_all_notifications_read" time="0.071" /><testcase classname="backend.tests.test_refactor_iteration28.TestSpecialists" name="test_get_specialists" time="0.082" /><testcase classname="backend.tests.test_refactor_iteration28.TestSpecialists" name="test_get_specialists_with_filter" time="0.094" /><testcase classname="backend.tests.test_refactor_iteration28.TestNewsArticlesQuestions" name="test_get_news" time="0.089" /><testcase classname="backend.tests.test_refactor_iteration28.TestNewsArticlesQuestions" name="test_get_articles" time="0.083" /><testcase classname="backend.tests.test_refactor_iteration28.TestNewsArticlesQuestions" name="test_get_questions" time="0.079" /><testcase classname="backend.tests.test_refactor_iteration28.TestServices" name="test_get_services" time="0.072" /><testcase classname="backend.tests.test_refactor_iteration28.TestServices" name="test_get_service_types" time="0.097" /><testcase classname="backend.tests.test_refactor_iteration28.TestSettings" name="test_get_sections" time="0.080" /><testcase classname="backend.tests.test_refactor_iteration28.TestSettings" name="test_get_marker_colors" time="0.093" /><testcase classname="backend.tests.test_refactor_iteration28.TestSettings" name="test_get_texts" time="0.085" /><testcase classname="backend.tests.test_refactor_iteration28.TestSettings" name="test_get_entry_password_status" time="0.084" /><testcase classname="backend.tests.test_refactor_iteration28.TestSettings" name="test_get_contact_email" time="0.078" /><testcase classname="backend.tests.test_refactor_iteration28.TestFeaturedItems" name="test_get_featured_items" time="0.095" /><testcase classname="backend.tests.test_refactor_iteration28.TestLocations" name="test_get_locations" time="0.106" /><testcase classname="backend.tests.test_refactor_iteration28.TestLocations" name="test_get_locations_filter_cz" time="0.090" /><testcase classname="backend.tests.test_refactor_iteration28.TestPush" name="test_get_vapid_key" time="0.090" /><testcase classname="backend.tests.test_refactor_iteration28.TestCommunity" name="test_get_community_highlights" time="0.077" /><testcase classname="backend.tests.test_refactor_iteration28.TestNewsCategories" name="test_get_news_categories" time="0.091" /><testcase classname="backend.tests.test_refactor_iteration28.TestEndpointCount" name="test_openapi_endpoint_count" time="0.057" /></testsuite></testsuites>