<?xml version="1.0" encoding="utf-8"?><testsuites name="pytest tests"><testsuite name="pytest" errors="0" failures="0" skipped="0" tests="15" time="13.540" timestamp="2026-03-07T09:27:56.665303+00:00" hostname="agent-env-b9ab28b0-d83f-45f3-b1be-08c5d84a9b97"><testcase classname="backend.tests.test_bloom_iteration20.TestLogin" name="test_admin_login_success" time="0.781" /><testcase classname="backend.tests.test_bloom_iteration20.TestEmailVerification" name="test_verify_email_invalid_token_returns_400" time="0.519" /><testcase classname="backend.tests.test_bloom_iteration20.TestEmailVerification" name="test_verify_email_fake_uuid_returns_400" time="0.405" /><testcase classname="backend.tests.test_bloom_iteration20.TestJourneyAPI" name="test_get_user_me_includes_journey" time="1.062" /><testcase classname="backend.tests.test_bloom_iteration20.TestJourneyAPI" name="test_save_journey" time="1.042" /><testcase classname="backend.tests.test_bloom_iteration20.TestJourneyAPI" name="test_get_similar_users" time="1.063" /><testcase classname="backend.tests.test_bloom_iteration20.TestEntryPasswordToggle" name="test_get_entry_password_status" time="0.419" /><testcase classname="backend.tests.test_bloom_iteration20.TestEntryPasswordToggle" name="test_toggle_entry_password_on" time="1.474" /><testcase classname="backend.tests.test_bloom_iteration20.TestEntryPasswordToggle" name="test_toggle_entry_password_off" time="1.457" /><testcase classname="backend.tests.test_bloom_iteration20.TestEntryPasswordToggle" name="test_toggle_entry_password_back_on" time="1.055" /><testcase classname="backend.tests.test_bloom_iteration20.TestMediaEndpoint" name="test_media_without_auth_returns_401" time="0.402" /><testcase classname="backend.tests.test_bloom_iteration20.TestMediaEndpoint" name="test_media_with_token_nonexistent_file_returns_404" time="1.058" /><testcase classname="backend.tests.test_bloom_iteration20.TestMediaEndpoint" name="test_media_with_auth_header_nonexistent_returns_404" time="1.056" /><testcase classname="backend.tests.test_bloom_iteration20.TestRegistrationWithEntryPassword" name="test_registration_without_code_fails" time="0.809" /><testcase classname="backend.tests.test_bloom_iteration20.TestRegistrationWithEntryPassword" name="test_registration_with_wrong_code_fails" time="0.863" /></testsuite></testsuites>