<?xml version="1.0" encoding="utf-8"?><testsuites name="pytest tests"><testsuite name="pytest" errors="0" failures="0" skipped="0" tests="20" time="19.875" timestamp="2026-03-07T13:05:19.562677+00:00" hostname="agent-env-ad4b0c04-0887-47ca-844a-1b4640533a52"><testcase classname="backend.tests.test_bloom_iteration26.TestLocationsCountry" name="test_get_public_locations_returns_country_field" time="0.625" /><testcase classname="backend.tests.test_bloom_iteration26.TestLocationsCountry" name="test_get_public_locations_filter_by_cz" time="0.541" /><testcase classname="backend.tests.test_bloom_iteration26.TestLocationsCountry" name="test_get_public_locations_filter_by_world" time="0.446" /><testcase classname="backend.tests.test_bloom_iteration26.TestLocationsCountry" name="test_post_location_with_cz_country" time="1.482" /><testcase classname="backend.tests.test_bloom_iteration26.TestLocationsCountry" name="test_post_location_with_world_country" time="0.836" /><testcase classname="backend.tests.test_bloom_iteration26.TestLocationsCountry" name="test_post_location_default_country_is_cz" time="0.828" /><testcase classname="backend.tests.test_bloom_iteration26.TestLocationsCountry" name="test_put_location_updates_country" time="1.321" /><testcase classname="backend.tests.test_bloom_iteration26.TestSectionSettings" name="test_get_section_settings_returns_6_sections" time="0.410" /><testcase classname="backend.tests.test_bloom_iteration26.TestSectionSettings" name="test_section_settings_have_required_fields" time="0.401" /><testcase classname="backend.tests.test_bloom_iteration26.TestSectionSettings" name="test_put_section_settings_saves_to_db" time="1.675" /><testcase classname="backend.tests.test_bloom_iteration26.TestSectionSettings" name="test_put_section_settings_requires_admin" time="0.402" /><testcase classname="backend.tests.test_bloom_iteration26.TestFeaturedItems" name="test_get_featured_items_returns_list" time="0.418" /><testcase classname="backend.tests.test_bloom_iteration26.TestFeaturedItems" name="test_featured_items_structure_when_not_empty" time="0.420" /><testcase classname="backend.tests.test_bloom_iteration26.TestFeaturedItems" name="test_post_featured_item_specialist" time="1.700" /><testcase classname="backend.tests.test_bloom_iteration26.TestFeaturedItems" name="test_delete_featured_item" time="1.645" /><testcase classname="backend.tests.test_bloom_iteration26.TestFeaturedItems" name="test_post_featured_item_news" time="2.039" /><testcase classname="backend.tests.test_bloom_iteration26.TestFeaturedItems" name="test_featured_item_max_3_per_type" time="3.367" /><testcase classname="backend.tests.test_bloom_iteration26.TestSpecialistCategoriesAPI" name="test_get_specialist_categories_public_accessible" time="0.410" /><testcase classname="backend.tests.test_bloom_iteration26.TestSpecialistCategoriesAPI" name="test_get_specialist_categories_with_admin_returns_list" time="0.408" /><testcase classname="backend.tests.test_bloom_iteration26.TestMarkerColors" name="test_get_marker_colors_returns_7_keys" time="0.410" /></testsuite></testsuites>