<?xml version="1.0" encoding="utf-8"?><testsuites name="pytest tests"><testsuite name="pytest" errors="0" failures="0" skipped="0" tests="24" time="11.165" timestamp="2026-03-06T22:04:41.519080+00:00" hostname="agent-env-76e81e32-ff57-4411-a90a-59502ca15eec"><testcase classname="backend.tests.test_p0_features.TestRegistration" name="test_register_returns_token_and_user" time="1.100" /><testcase classname="backend.tests.test_p0_features.TestRegistration" name="test_register_user_fields" time="0.519" /><testcase classname="backend.tests.test_p0_features.TestRegistration" name="test_register_duplicate_email_fails" time="0.405" /><testcase classname="backend.tests.test_p0_features.TestRegistration" name="test_register_wrong_community_code_fails" time="0.413" /><testcase classname="backend.tests.test_p0_features.TestServiceCreation" name="test_create_service_has_expires_at" time="0.417" /><testcase classname="backend.tests.test_p0_features.TestServiceCreation" name="test_created_service_appears_in_get_services" time="0.871" /><testcase classname="backend.tests.test_p0_features.TestOfferExpiryFiltering" name="test_setup_expired_service" time="1.018" /><testcase classname="backend.tests.test_p0_features.TestOfferExpiryFiltering" name="test_get_services_public_feed" time="0.445" /><testcase classname="backend.tests.test_p0_features.TestOfferExpiryFiltering" name="test_get_my_services" time="0.426" /><testcase classname="backend.tests.test_p0_features.TestOfferExpiryFiltering" name="test_created_service_visible_in_my" time="0.417" /><testcase classname="backend.tests.test_p0_features.TestAdminOfferExpirySettings" name="test_get_offer_expiry_days_default" time="0.404" /><testcase classname="backend.tests.test_p0_features.TestAdminOfferExpirySettings" name="test_get_offer_expiry_days_requires_auth" time="0.412" /><testcase classname="backend.tests.test_p0_features.TestAdminOfferExpirySettings" name="test_update_offer_expiry_days_to_14" time="0.404" /><testcase classname="backend.tests.test_p0_features.TestAdminOfferExpirySettings" name="test_verify_offer_expiry_days_changed_to_14" time="0.419" /><testcase classname="backend.tests.test_p0_features.TestAdminOfferExpirySettings" name="test_update_offer_expiry_days_invalid_value" time="0.427" /><testcase classname="backend.tests.test_p0_features.TestAdminOfferExpirySettings" name="test_update_offer_expiry_days_non_admin_fails" time="0.416" /><testcase classname="backend.tests.test_p0_features.TestAdminOfferExpirySettings" name="test_restore_offer_expiry_days_to_30" time="0.421" /><testcase classname="backend.tests.test_p0_features.TestAdminReactivateOffer" name="test_setup_create_service_for_reactivation" time="0.396" /><testcase classname="backend.tests.test_p0_features.TestAdminReactivateOffer" name="test_admin_can_see_all_services" time="0.426" /><testcase classname="backend.tests.test_p0_features.TestAdminReactivateOffer" name="test_reactivate_service_non_existent" time="0.455" /><testcase classname="backend.tests.test_p0_features.TestAdminReactivateOffer" name="test_reactivate_service" time="0.449" /><testcase classname="backend.tests.test_p0_features.TestAdminReactivateOffer" name="test_reactivate_requires_admin" time="0.402" /><testcase classname="backend.tests.test_p0_features.TestEmailConfig" name="test_resend_api_key_configured" time="0.009" /><testcase classname="backend.tests.test_p0_features.TestEmailConfig" name="test_sender_email_configured_correctly" time="0.004" /></testsuite></testsuites>