<?xml version="1.0" encoding="utf-8"?><testsuites name="pytest tests"><testsuite name="pytest" errors="0" failures="0" skipped="0" tests="16" time="2.789" timestamp="2026-03-07T11:25:29.956599+00:00" hostname="agent-env-b9ab28b0-d83f-45f3-b1be-08c5d84a9b97"><testcase classname="backend.tests.test_bloom_iteration24.TestAuth" name="test_login_success" time="0.365" /><testcase classname="backend.tests.test_bloom_iteration24.TestGoogleAuthModeHandling" name="test_google_session_login_mode_missing_session" time="0.123" /><testcase classname="backend.tests.test_bloom_iteration24.TestGoogleAuthModeHandling" name="test_google_session_invalid_session" time="0.330" /><testcase classname="backend.tests.test_bloom_iteration24.TestPushNotifications" name="test_vapid_key_endpoint" time="0.113" /><testcase classname="backend.tests.test_bloom_iteration24.TestPushNotifications" name="test_push_subscribe_requires_auth" time="0.094" /><testcase classname="backend.tests.test_bloom_iteration24.TestPushNotifications" name="test_push_unsubscribe_requires_auth" time="0.120" /><testcase classname="backend.tests.test_bloom_iteration24.TestPushNotifications" name="test_push_subscribe_authenticated" time="0.409" /><testcase classname="backend.tests.test_bloom_iteration24.TestPushNotifications" name="test_push_unsubscribe_authenticated" time="0.410" /><testcase classname="backend.tests.test_bloom_iteration24.TestServiceWorker" name="test_sw_push_js_accessible" time="0.093" /><testcase classname="backend.tests.test_bloom_iteration24.TestPWAIcons" name="test_favicon_ico" time="0.100" /><testcase classname="backend.tests.test_bloom_iteration24.TestPWAIcons" name="test_bloom_lotus_svg" time="0.090" /><testcase classname="backend.tests.test_bloom_iteration24.TestPWAIcons" name="test_android_chrome_192" time="0.089" /><testcase classname="backend.tests.test_bloom_iteration24.TestPWAIcons" name="test_apple_touch_icon" time="0.119" /><testcase classname="backend.tests.test_bloom_iteration24.TestSpecialistsAPI" name="test_specialists_list" time="0.088" /><testcase classname="backend.tests.test_bloom_iteration24.TestSpecialistsAPI" name="test_specialists_create_requires_admin" time="0.079" /><testcase classname="backend.tests.test_bloom_iteration24.TestArticlesAPI" name="test_articles_list" time="0.095" /></testsuite></testsuites>