<?xml version="1.0" encoding="utf-8"?><testsuites name="pytest tests"><testsuite name="pytest" errors="0" failures="0" skipped="0" tests="16" time="11.338" timestamp="2026-03-06T23:39:53.781995+00:00" hostname="agent-env-76e81e32-ff57-4411-a90a-59502ca15eec"><testcase classname="backend.tests.test_bloom_iteration18.TestVerifyEmail" name="test_verify_email_invalid_token" time="0.570" /><testcase classname="backend.tests.test_bloom_iteration18.TestVerifyEmail" name="test_verify_email_fake_uuid_token" time="0.427" /><testcase classname="backend.tests.test_bloom_iteration18.TestResendVerification" name="test_resend_verification_requires_auth" time="0.419" /><testcase classname="backend.tests.test_bloom_iteration18.TestResendVerification" name="test_resend_verification_already_verified" time="1.058" /><testcase classname="backend.tests.test_bloom_iteration18.TestMediaUpload" name="test_upload_media_requires_auth" time="0.538" /><testcase classname="backend.tests.test_bloom_iteration18.TestMediaUpload" name="test_upload_media_invalid_type" time="0.405" /><testcase classname="backend.tests.test_bloom_iteration18.TestMediaUpload" name="test_upload_media_pdf_rejected" time="0.542" /><testcase classname="backend.tests.test_bloom_iteration18.TestMediaUpload" name="test_upload_media_oversized" time="1.810" /><testcase classname="backend.tests.test_bloom_iteration18.TestMediaUpload" name="test_upload_media_valid_image" time="0.427" /><testcase classname="backend.tests.test_bloom_iteration18.TestRegistrationPasswordValidation" name="test_register_with_weak_password_succeeds_at_backend" time="0.879" /><testcase classname="backend.tests.test_bloom_iteration18.TestRegistrationPasswordValidation" name="test_register_with_strong_password" time="1.130" /><testcase classname="backend.tests.test_bloom_iteration18.TestGalleryEndpoints" name="test_get_photos_requires_auth" time="0.960" /><testcase classname="backend.tests.test_bloom_iteration18.TestGalleryEndpoints" name="test_gallery_settings_update" time="0.422" /><testcase classname="backend.tests.test_bloom_iteration18.TestGalleryEndpoints" name="test_gallery_settings_protected_requires_password" time="0.410" /><testcase classname="backend.tests.test_bloom_iteration18.TestDirectMessaging" name="test_get_conversations" time="0.411" /><testcase classname="backend.tests.test_bloom_iteration18.TestDirectMessaging" name="test_get_messages_for_user" time="0.860" /></testsuite></testsuites>