<?xml version="1.0" encoding="utf-8"?><testsuites name="pytest tests"><testsuite name="pytest" errors="0" failures="0" skipped="0" tests="13" time="2.059" timestamp="2026-03-09T16:38:39.012240+00:00" hostname="agent-env-391d7473-1945-434d-baf0-2070191287b2"><testcase classname="backend.tests.test_answer_identity_iter43.TestGetQuestionsUserRoleField" name="test_get_legal_questions_returns_200" time="0.197" /><testcase classname="backend.tests.test_answer_identity_iter43.TestGetQuestionsUserRoleField" name="test_get_specialists_questions_returns_200" time="0.101" /><testcase classname="backend.tests.test_answer_identity_iter43.TestGetQuestionsUserRoleField" name="test_legal_questions_have_answers_with_user_role_field" time="0.123" /><testcase classname="backend.tests.test_answer_identity_iter43.TestGetQuestionsUserRoleField" name="test_specialists_questions_have_answers_with_user_role_field" time="0.090" /><testcase classname="backend.tests.test_answer_identity_iter43.TestPostAnswerUserRole" name="test_create_legal_question_for_answer_test" time="0.434" /><testcase classname="backend.tests.test_answer_identity_iter43.TestPostAnswerUserRole" name="test_admin_posts_answer_to_legal_question_has_correct_role" time="0.113" /><testcase classname="backend.tests.test_answer_identity_iter43.TestPostAnswerUserRole" name="test_answer_response_has_username_field" time="0.202" /><testcase classname="backend.tests.test_answer_identity_iter43.TestPostAnswerUserRole" name="test_create_specialist_question_for_answer_test" time="0.128" /><testcase classname="backend.tests.test_answer_identity_iter43.TestPostAnswerUserRole" name="test_admin_posts_answer_to_spec_question_has_correct_role" time="0.108" /><testcase classname="backend.tests.test_answer_identity_iter43.TestPostAnswerUserRole" name="test_cleanup_created_questions" time="0.187" /><testcase classname="backend.tests.test_answer_identity_iter43.TestOldAnswersGracefulFallback" name="test_questions_endpoint_does_not_crash_with_missing_user_role" time="0.093" /><testcase classname="backend.tests.test_answer_identity_iter43.TestOldAnswersGracefulFallback" name="test_user_role_default_is_string" time="0.086" /><testcase classname="backend.tests.test_answer_identity_iter43.TestOldAnswersGracefulFallback" name="test_answer_response_has_all_required_fields" time="0.122" /></testsuite></testsuites>