<?xml version="1.0" encoding="utf-8"?><testsuites name="pytest tests"><testsuite name="pytest" errors="0" failures="0" skipped="0" tests="19" time="6.359" timestamp="2026-03-06T16:17:53.168902+00:00" hostname="agent-env-09ff436d-4e51-422e-a202-bd801d809d01"><testcase classname="backend.tests.test_phase1_bugs.TestContactEmail" name="test_get_contact_email_no_auth_required" time="0.164" /><testcase classname="backend.tests.test_phase1_bugs.TestContactEmail" name="test_get_contact_email_returns_string" time="0.079" /><testcase classname="backend.tests.test_phase1_bugs.TestContactEmail" name="test_update_contact_email_admin_only" time="0.528" /><testcase classname="backend.tests.test_phase1_bugs.TestContactEmail" name="test_update_contact_email_success" time="0.218" /><testcase classname="backend.tests.test_phase1_bugs.TestContactEmail" name="test_update_contact_email_invalid" time="0.105" /><testcase classname="backend.tests.test_phase1_bugs.TestBugReports" name="test_create_bug_report_requires_auth" time="0.111" /><testcase classname="backend.tests.test_phase1_bugs.TestBugReports" name="test_create_bug_report_success" time="0.348" /><testcase classname="backend.tests.test_phase1_bugs.TestBugReports" name="test_get_bug_reports_admin_only" time="0.089" /><testcase classname="backend.tests.test_phase1_bugs.TestBugReports" name="test_get_bug_reports_returns_list" time="0.092" /><testcase classname="backend.tests.test_phase1_bugs.TestBugReports" name="test_create_and_verify_bug_report" time="0.631" /><testcase classname="backend.tests.test_phase1_bugs.TestBugReports" name="test_update_bug_report_status" time="0.625" /><testcase classname="backend.tests.test_phase1_bugs.TestBugReports" name="test_update_bug_report_status_invalid" time="0.206" /><testcase classname="backend.tests.test_phase1_bugs.TestBugReports" name="test_bug_report_all_types_accepted" time="1.648" /><testcase classname="backend.tests.test_phase1_bugs.TestAdminUserDeletion" name="test_register_delete_reregister_same_email" time="0.817" /><testcase classname="backend.tests.test_phase1_bugs.TestAdminUserDeletion" name="test_delete_self_fails" time="0.165" /><testcase classname="backend.tests.test_phase1_bugs.TestAdminUserDeletion" name="test_delete_nonexistent_user_returns_404" time="0.084" /><testcase classname="backend.tests.test_phase1_bugs.TestAdminPasswordReset" name="test_admin_send_reset_html_has_no_button" time="0.000" /><testcase classname="backend.tests.test_phase1_bugs.TestAdminPasswordReset" name="test_user_initiated_reset_email_has_button" time="0.000" /><testcase classname="backend.tests.test_phase1_bugs.TestAdminPasswordReset" name="test_admin_send_reset_endpoint_returns_200" time="0.374" /></testsuite></testsuites>