<?xml version="1.0" encoding="utf-8"?><testsuites name="pytest tests"><testsuite name="pytest" errors="0" failures="0" skipped="0" tests="15" time="1.963" timestamp="2026-03-07T10:47:27.055007+00:00" hostname="agent-env-b9ab28b0-d83f-45f3-b1be-08c5d84a9b97"><testcase classname="backend.tests.test_bloom_iteration22.TestIconsAndManifest" name="test_favicon_ico" time="0.183" /><testcase classname="backend.tests.test_bloom_iteration22.TestIconsAndManifest" name="test_favicon_16x16" time="0.087" /><testcase classname="backend.tests.test_bloom_iteration22.TestIconsAndManifest" name="test_favicon_32x32" time="0.135" /><testcase classname="backend.tests.test_bloom_iteration22.TestIconsAndManifest" name="test_apple_touch_icon" time="0.082" /><testcase classname="backend.tests.test_bloom_iteration22.TestIconsAndManifest" name="test_android_chrome_192" time="0.081" /><testcase classname="backend.tests.test_bloom_iteration22.TestIconsAndManifest" name="test_android_chrome_512" time="0.093" /><testcase classname="backend.tests.test_bloom_iteration22.TestIconsAndManifest" name="test_manifest_json" time="0.088" /><testcase classname="backend.tests.test_bloom_iteration22.TestAuth" name="test_login_success" time="0.320" /><testcase classname="backend.tests.test_bloom_iteration22.TestAuth" name="test_login_invalid_credentials" time="0.303" /><testcase classname="backend.tests.test_bloom_iteration22.TestPasswordResetValidation" name="test_reset_password_invalid_token" time="0.097" /><testcase classname="backend.tests.test_bloom_iteration22.TestPasswordResetValidation" name="test_reset_password_endpoint_exists" time="0.086" /><testcase classname="backend.tests.test_bloom_iteration22.TestAPIHealth" name="test_api_docs" time="0.088" /><testcase classname="backend.tests.test_bloom_iteration22.TestAPIHealth" name="test_entry_password_status" time="0.073" /><testcase classname="backend.tests.test_bloom_iteration22.TestSpecialists" name="test_get_specialists_public" time="0.097" /><testcase classname="backend.tests.test_bloom_iteration22.TestSpecialists" name="test_add_specialist_requires_auth" time="0.079" /></testsuite></testsuites>