<?xml version="1.0" encoding="utf-8"?><testsuites name="pytest tests"><testsuite name="pytest" errors="0" failures="0" skipped="0" tests="18" time="14.046" timestamp="2026-03-07T08:54:57.805843+00:00" hostname="agent-env-b9ab28b0-d83f-45f3-b1be-08c5d84a9b97"><testcase classname="backend.tests.test_p0_batch19.TestAdminAuth" name="test_admin_login" time="0.821" /><testcase classname="backend.tests.test_p0_batch19.TestEntryPasswordToggle" name="test_get_entry_password_status_public" time="0.544" /><testcase classname="backend.tests.test_p0_batch19.TestEntryPasswordToggle" name="test_disable_entry_password" time="1.049" /><testcase classname="backend.tests.test_p0_batch19.TestEntryPasswordToggle" name="test_verify_disabled_status" time="0.422" /><testcase classname="backend.tests.test_p0_batch19.TestEntryPasswordToggle" name="test_enable_entry_password" time="0.404" /><testcase classname="backend.tests.test_p0_batch19.TestEntryPasswordToggle" name="test_verify_enabled_status" time="0.416" /><testcase classname="backend.tests.test_p0_batch19.TestEntryPasswordToggle" name="test_toggle_requires_admin" time="0.409" /><testcase classname="backend.tests.test_p0_batch19.TestCommunityPassword" name="test_get_community_password_with_enabled_field" time="1.040" /><testcase classname="backend.tests.test_p0_batch19.TestCommunityPassword" name="test_update_community_password" time="1.241" /><testcase classname="backend.tests.test_p0_batch19.TestCommunityPassword" name="test_community_password_requires_admin" time="1.240" /><testcase classname="backend.tests.test_p0_batch19.TestRegistrationWithEntryPassword" name="test_registration_without_code_when_disabled" time="2.371" /><testcase classname="backend.tests.test_p0_batch19.TestRegistrationWithEntryPassword" name="test_registration_requires_code_when_enabled" time="0.843" /><testcase classname="backend.tests.test_p0_batch19.TestMediaEndpointWithToken" name="test_media_with_token_query_param_nonexistent_file" time="1.088" /><testcase classname="backend.tests.test_p0_batch19.TestMediaEndpointWithToken" name="test_media_with_auth_header_nonexistent_file" time="0.432" /><testcase classname="backend.tests.test_p0_batch19.TestMediaEndpointWithToken" name="test_media_without_auth_returns_401" time="0.427" /><testcase classname="backend.tests.test_p0_batch19.TestMediaEndpointWithToken" name="test_media_with_invalid_token" time="0.412" /><testcase classname="backend.tests.test_p0_batch19.TestEmailVerification" name="test_verify_email_invalid_token" time="0.395" /><testcase classname="backend.tests.test_p0_batch19.TestEmailVerification" name="test_verify_email_random_uuid" time="0.413" /></testsuite></testsuites>