<?xml version="1.0" encoding="utf-8"?><testsuites name="pytest tests"><testsuite name="pytest" errors="0" failures="0" skipped="0" tests="26" time="26.460" timestamp="2026-03-07T15:04:50.156948+00:00" hostname="agent-env-d2c79387-5119-4824-906e-a2bebf241c2a"><testcase classname="backend.tests.test_bloom_iteration27.TestMarkerColors" name="test_get_marker_colors_returns_hex_colors" time="0.587" /><testcase classname="backend.tests.test_bloom_iteration27.TestMarkerColors" name="test_put_marker_colors_requires_admin" time="0.422" /><testcase classname="backend.tests.test_bloom_iteration27.TestMarkerColors" name="test_put_marker_colors_admin_can_update" time="2.452" /><testcase classname="backend.tests.test_bloom_iteration27.TestMarkerColors" name="test_marker_colors_persist_after_update" time="1.647" /><testcase classname="backend.tests.test_bloom_iteration27.TestSectionSettings" name="test_get_section_settings_has_all_keys" time="0.500" /><testcase classname="backend.tests.test_bloom_iteration27.TestSectionSettings" name="test_get_section_settings_has_required_fields" time="0.413" /><testcase classname="backend.tests.test_bloom_iteration27.TestSectionSettings" name="test_put_section_settings_requires_admin" time="0.424" /><testcase classname="backend.tests.test_bloom_iteration27.TestSectionSettings" name="test_put_section_settings_updates_and_persists" time="1.618" /><testcase classname="backend.tests.test_bloom_iteration27.TestSectionSettings" name="test_section_settings_overwrite_works" time="2.548" /><testcase classname="backend.tests.test_bloom_iteration27.TestTextSettings" name="test_get_text_settings_returns_dict" time="0.426" /><testcase classname="backend.tests.test_bloom_iteration27.TestTextSettings" name="test_put_text_setting_requires_admin" time="0.732" /><testcase classname="backend.tests.test_bloom_iteration27.TestTextSettings" name="test_put_text_setting_saves_and_overwrites" time="1.663" /><testcase classname="backend.tests.test_bloom_iteration27.TestTextSettings" name="test_put_text_setting_invalid_key_rejected" time="0.416" /><testcase classname="backend.tests.test_bloom_iteration27.TestFeaturedItems" name="test_get_featured_items_returns_list" time="0.420" /><testcase classname="backend.tests.test_bloom_iteration27.TestFeaturedItems" name="test_featured_items_have_id_field" time="0.422" /><testcase classname="backend.tests.test_bloom_iteration27.TestFeaturedItems" name="test_post_featured_item_requires_admin" time="0.436" /><testcase classname="backend.tests.test_bloom_iteration27.TestFeaturedItems" name="test_reorder_featured_items" time="3.679" /><testcase classname="backend.tests.test_bloom_iteration27.TestFeaturedItems" name="test_featured_item_max_3_per_type" time="3.735" /><testcase classname="backend.tests.test_bloom_iteration27.TestLocationsCountryFilter" name="test_get_locations_returns_country_field" time="0.398" /><testcase classname="backend.tests.test_bloom_iteration27.TestLocationsCountryFilter" name="test_get_locations_filter_cz" time="0.416" /><testcase classname="backend.tests.test_bloom_iteration27.TestLocationsCountryFilter" name="test_get_locations_filter_world" time="0.464" /><testcase classname="backend.tests.test_bloom_iteration27.TestLocationsCountryFilter" name="test_locations_have_cz_entries" time="0.441" /><testcase classname="backend.tests.test_bloom_iteration27.TestLocationsCountryFilter" name="test_locations_have_world_entries" time="0.403" /><testcase classname="backend.tests.test_bloom_iteration27.TestSpecialistsCountryFilter" name="test_get_specialists_cz_filter" time="0.428" /><testcase classname="backend.tests.test_bloom_iteration27.TestSpecialistsCountryFilter" name="test_get_specialists_world_filter" time="0.420" /><testcase classname="backend.tests.test_bloom_iteration27.TestSpecialistsCountryFilter" name="test_specialists_cz_world_no_overlap" time="0.847" /></testsuite></testsuites>