<?xml version="1.0" encoding="utf-8"?><testsuites name="pytest tests"><testsuite name="pytest" errors="0" failures="0" skipped="0" tests="17" time="9.441" timestamp="2026-03-07T09:41:20.504040+00:00" hostname="agent-env-b9ab28b0-d83f-45f3-b1be-08c5d84a9b97"><testcase classname="backend.tests.test_bloom_iteration21.TestIteration21" name="test_login_works_with_valid_credentials" time="0.830" /><testcase classname="backend.tests.test_bloom_iteration21.TestIteration21" name="test_login_fails_with_invalid_credentials" time="0.734" /><testcase classname="backend.tests.test_bloom_iteration21.TestIteration21" name="test_google_auth_session_missing_session_id" time="0.422" /><testcase classname="backend.tests.test_bloom_iteration21.TestIteration21" name="test_google_auth_session_invalid_session_id" time="0.643" /><testcase classname="backend.tests.test_bloom_iteration21.TestIteration21" name="test_registration_honeypot_rejects_bot" time="0.406" /><testcase classname="backend.tests.test_bloom_iteration21.TestIteration21" name="test_registration_honeypot_allows_empty" time="0.413" /><testcase classname="backend.tests.test_bloom_iteration21.TestIteration21" name="test_email_verification_invalid_token" time="0.423" /><testcase classname="backend.tests.test_bloom_iteration21.TestIteration21" name="test_news_media_upload_without_auth" time="0.416" /><testcase classname="backend.tests.test_bloom_iteration21.TestIteration21" name="test_news_media_upload_with_auth" time="1.041" /><testcase classname="backend.tests.test_bloom_iteration21.TestIteration21" name="test_news_media_serving_nonexistent_file" time="0.453" /><testcase classname="backend.tests.test_bloom_iteration21.TestIteration21" name="test_login_rate_limiting_not_triggered_on_single_request" time="0.622" /><testcase classname="backend.tests.test_bloom_iteration21.TestIteration21" name="test_news_list_endpoint" time="0.402" /><testcase classname="backend.tests.test_bloom_iteration21.TestIteration21" name="test_news_creation_with_auth" time="0.433" /><testcase classname="backend.tests.test_bloom_iteration21.TestIteration21" name="test_profile_me_endpoint" time="0.438" /><testcase classname="backend.tests.test_bloom_iteration21.TestIteration21" name="test_journey_save_endpoint" time="0.416" /><testcase classname="backend.tests.test_bloom_iteration21.TestIteration21" name="test_journey_similar_users_endpoint" time="0.413" /><testcase classname="backend.tests.test_bloom_iteration21.TestIteration21" name="test_health_endpoint" time="0.864" /></testsuite></testsuites>