<?xml version="1.0" encoding="utf-8"?><testsuites name="pytest tests"><testsuite name="pytest" errors="0" failures="0" skipped="0" tests="43" time="27.034" timestamp="2026-03-06T12:30:43.755229+00:00" hostname="agent-env-67bf8eb1-b6fe-41c3-80bf-a4223d9e5ee1"><testcase classname="backend.tests.test_bloom_batch10.TestSpecialistFilter" name="test_specialists_endpoint_returns_200" time="1.328" /><testcase classname="backend.tests.test_bloom_batch10.TestSpecialistFilter" name="test_filter_by_psychologie_full_name" time="0.365" /><testcase classname="backend.tests.test_bloom_batch10.TestSpecialistFilter" name="test_filter_by_country_cz" time="0.683" /><testcase classname="backend.tests.test_bloom_batch10.TestServicesPostTypeFilter" name="test_post_type_offer_filter" time="0.729" /><testcase classname="backend.tests.test_bloom_batch10.TestServicesPostTypeFilter" name="test_post_type_request_filter" time="1.049" /><testcase classname="backend.tests.test_bloom_batch10.TestServicesPostTypeFilter" name="test_no_filter_returns_all" time="0.689" /><testcase classname="backend.tests.test_bloom_batch10.TestServicesPostTypeFilter" name="test_service_create_with_post_type" time="1.468" /><testcase classname="backend.tests.test_bloom_batch10.TestSpecialistSubmit" name="test_submit_specialist_as_regular_user" time="1.113" /><testcase classname="backend.tests.test_bloom_batch10.TestSpecialistSubmit" name="test_submitted_specialist_not_in_public_list" time="0.791" /><testcase classname="backend.tests.test_bloom_batch10.TestAdminPendingSpecialists" name="test_admin_get_pending_specialists" time="0.731" /><testcase classname="backend.tests.test_bloom_batch10.TestAdminPendingSpecialists" name="test_admin_approve_specialist" time="0.791" /><testcase classname="backend.tests.test_bloom_batch10.TestAdminPendingSpecialists" name="test_admin_reject_specialist" time="0.730" /><testcase classname="backend.tests.test_bloom_batch10.TestAdminPendingSpecialists" name="test_regular_user_cannot_access_pending" time="0.366" /><testcase classname="backend.tests.test_bloom_batch10.TestArticles" name="test_create_article" time="0.723" /><testcase classname="backend.tests.test_bloom_batch10.TestArticles" name="test_get_admin_articles" time="0.729" /><testcase classname="backend.tests.test_bloom_batch10.TestArticles" name="test_update_article" time="0.366" /><testcase classname="backend.tests.test_bloom_batch10.TestArticles" name="test_toggle_publish_article" time="0.725" /><testcase classname="backend.tests.test_bloom_batch10.TestArticles" name="test_public_articles_only_shows_published" time="0.449" /><testcase classname="backend.tests.test_bloom_batch10.TestArticles" name="test_regular_user_cannot_create_article" time="0.390" /><testcase classname="backend.tests.test_bloom_batch10.TestArticles" name="test_delete_article" time="1.512" /><testcase classname="backend.tests.test_bloom_batch10.TestUserPublicProfile" name="test_get_own_public_profile" time="0.390" /><testcase classname="backend.tests.test_bloom_batch10.TestUserPublicProfile" name="test_public_profile_not_found" time="0.364" /><testcase classname="backend.tests.test_bloom_batch10.TestUserPublicProfile" name="test_public_profile_requires_auth" time="0.411" /><testcase classname="backend.tests.test_bloom_batch10.TestUserRatings" name="test_regular_user_can_rate_admin" time="0.372" /><testcase classname="backend.tests.test_bloom_batch10.TestUserRatings" name="test_cannot_rate_yourself" time="0.368" /><testcase classname="backend.tests.test_bloom_batch10.TestUserRatings" name="test_get_user_ratings" time="0.418" /><testcase classname="backend.tests.test_bloom_batch10.TestUserRatings" name="test_already_rated_check" time="0.374" /><testcase classname="backend.tests.test_bloom_batch10.TestAdminContentManagement" name="test_get_article_categories" time="0.405" /><testcase classname="backend.tests.test_bloom_batch10.TestAdminContentManagement" name="test_add_article_category" time="0.730" /><testcase classname="backend.tests.test_bloom_batch10.TestAdminContentManagement" name="test_get_specialist_categories" time="0.360" /><testcase classname="backend.tests.test_bloom_batch10.TestAdminContentManagement" name="test_add_specialist_category" time="0.736" /><testcase classname="backend.tests.test_bloom_batch10.TestAdminContentManagement" name="test_get_locations" time="0.365" /><testcase classname="backend.tests.test_bloom_batch10.TestAdminContentManagement" name="test_add_location" time="0.735" /><testcase classname="backend.tests.test_bloom_batch10.TestAdminContentManagement" name="test_get_service_types" time="0.433" /><testcase classname="backend.tests.test_bloom_batch10.TestAdminContentManagement" name="test_add_delete_service_type" time="0.733" /><testcase classname="backend.tests.test_bloom_batch10.TestAdminContentManagement" name="test_regular_user_cannot_manage_content" time="0.376" /><testcase classname="backend.tests.test_bloom_batch10.TestMessageEmailNotification" name="test_send_message_returns_200" time="0.707" /><testcase classname="backend.tests.test_bloom_batch10.TestMessageEmailNotification" name="test_send_message_to_nonexistent_user" time="0.370" /><testcase classname="backend.tests.test_bloom_batch10.TestPasswordReset" name="test_reset_password_bad_token_returns_400" time="0.420" /><testcase classname="backend.tests.test_bloom_batch10.TestPasswordReset" name="test_reset_password_request_existing_email" time="0.616" /><testcase classname="backend.tests.test_bloom_batch10.TestPasswordReset" name="test_reset_password_request_nonexistent_email" time="0.401" /><testcase classname="backend.tests.test_bloom_batch10.TestQuestionsVote" name="test_vote_endpoint_exists" time="0.741" /><testcase classname="backend.tests.test_bloom_batch10.TestQuestionsVote" name="test_questions_have_vote_count" time="0.362" /></testsuite></testsuites>