<?xml version="1.0" encoding="utf-8"?><testsuites name="pytest tests"><testsuite name="pytest" errors="0" failures="0" skipped="0" tests="9" time="7.133" timestamp="2026-03-09T22:29:03.604481+00:00" hostname="agent-env-23737fab-3fac-419f-8d1f-8e6ac5c029c5"><testcase classname="backend.tests.test_iter44_scroll_qa_notifications.TestNewsImports" name="test_backend_health" time="0.621" /><testcase classname="backend.tests.test_iter44_scroll_qa_notifications.TestNewsImports" name="test_questions_endpoint_accessible" time="1.225" /><testcase classname="backend.tests.test_iter44_scroll_qa_notifications.TestQAAnswerEndpoint" name="test_create_answer_returns_200" time="1.293" /><testcase classname="backend.tests.test_iter44_scroll_qa_notifications.TestQAAnswerEndpoint" name="test_answer_in_question_response" time="0.437" /><testcase classname="backend.tests.test_iter44_scroll_qa_notifications.TestQAAnswerEndpoint" name="test_answer_not_found_returns_404" time="0.432" /><testcase classname="backend.tests.test_iter44_scroll_qa_notifications.TestQAAnswerEndpoint" name="test_unauthenticated_answer_returns_401" time="0.459" /><testcase classname="backend.tests.test_iter44_scroll_qa_notifications.TestQAAnswerNotification" name="test_notification_created_for_self_answer" time="1.787" /><testcase classname="backend.tests.test_iter44_scroll_qa_notifications.TestNotificationsEndpoint" name="test_get_notifications_returns_200" time="0.396" /><testcase classname="backend.tests.test_iter44_scroll_qa_notifications.TestNotificationsEndpoint" name="test_notifications_response_structure" time="0.423" /></testsuite></testsuites>