<?xml version="1.0" encoding="utf-8"?><testsuites name="pytest tests"><testsuite name="pytest" errors="0" failures="0" skipped="0" tests="17" time="9.336" timestamp="2026-03-05T20:05:25.427545+00:00" hostname="agent-env-1eee214d-b137-43d4-9dcf-e117357e46d4"><testcase classname="backend.tests.test_bloom_api.TestHealthCheck" name="test_api_health" time="0.573" /><testcase classname="backend.tests.test_bloom_api.TestHealthCheck" name="test_api_root" time="0.393" /><testcase classname="backend.tests.test_bloom_api.TestAuthentication" name="test_register_with_wrong_secret_code" time="0.538" /><testcase classname="backend.tests.test_bloom_api.TestAuthentication" name="test_register_with_correct_secret_code" time="0.721" /><testcase classname="backend.tests.test_bloom_api.TestAuthentication" name="test_login_with_existing_user" time="0.655" /><testcase classname="backend.tests.test_bloom_api.TestAuthentication" name="test_login_with_invalid_credentials" time="0.430" /><testcase classname="backend.tests.test_bloom_api.TestAuthentication" name="test_get_user_profile" time="1.045" /><testcase classname="backend.tests.test_bloom_api.TestServices" name="test_get_services" time="0.405" /><testcase classname="backend.tests.test_bloom_api.TestServices" name="test_get_service_types" time="0.410" /><testcase classname="backend.tests.test_bloom_api.TestServices" name="test_create_service_authenticated" time="1.051" /><testcase classname="backend.tests.test_bloom_api.TestSpecialists" name="test_get_specialists" time="0.406" /><testcase classname="backend.tests.test_bloom_api.TestSpecialists" name="test_get_specialists_filtered_by_country" time="0.450" /><testcase classname="backend.tests.test_bloom_api.TestSpecialists" name="test_get_specialists_filtered_by_specialty" time="0.445" /><testcase classname="backend.tests.test_bloom_api.TestNews" name="test_get_news" time="0.405" /><testcase classname="backend.tests.test_bloom_api.TestNews" name="test_get_news_filtered_by_category" time="0.419" /><testcase classname="backend.tests.test_bloom_api.TestQuestions" name="test_get_questions" time="0.426" /><testcase classname="backend.tests.test_bloom_api.TestArticles" name="test_get_articles" time="0.438" /></testsuite></testsuites>