<?xml version="1.0" encoding="utf-8"?><testsuites name="pytest tests"><testsuite name="pytest" errors="0" failures="0" skipped="0" tests="24" time="3.285" timestamp="2026-03-06T17:02:43.203516+00:00" hostname="agent-env-09ff436d-4e51-422e-a202-bd801d809d01"><testcase classname="backend.tests.test_phase4_admin_content.TestSpecialistCategoriesGet" name="test_get_categories_returns_list" time="0.599" /><testcase classname="backend.tests.test_phase4_admin_content.TestSpecialistCategoriesGet" name="test_get_categories_unauthenticated_also_works" time="0.094" /><testcase classname="backend.tests.test_phase4_admin_content.TestSpecialistCategoriesGet" name="test_get_categories_have_id_and_name_fields" time="0.084" /><testcase classname="backend.tests.test_phase4_admin_content.TestSpecialistCategoriesGet" name="test_get_categories_ids_are_uuid_format" time="0.094" /><testcase classname="backend.tests.test_phase4_admin_content.TestSpecialistCategoriesCRUD" name="test_post_add_category_returns_uuid_id" time="0.100" /><testcase classname="backend.tests.test_phase4_admin_content.TestSpecialistCategoriesCRUD" name="test_post_category_persists_in_get" time="0.100" /><testcase classname="backend.tests.test_phase4_admin_content.TestSpecialistCategoriesCRUD" name="test_put_update_category_name" time="0.084" /><testcase classname="backend.tests.test_phase4_admin_content.TestSpecialistCategoriesCRUD" name="test_put_update_persists" time="0.081" /><testcase classname="backend.tests.test_phase4_admin_content.TestSpecialistCategoriesCRUD" name="test_put_nonexistent_category_returns_404" time="0.080" /><testcase classname="backend.tests.test_phase4_admin_content.TestSpecialistCategoriesCRUD" name="test_put_empty_name_returns_400" time="0.122" /><testcase classname="backend.tests.test_phase4_admin_content.TestSpecialistCategoriesCRUD" name="test_delete_category" time="0.089" /><testcase classname="backend.tests.test_phase4_admin_content.TestSpecialistCategoriesCRUD" name="test_delete_persists_removal" time="0.117" /><testcase classname="backend.tests.test_phase4_admin_content.TestSpecialistCategoriesCRUD" name="test_admin_required_for_post" time="0.097" /><testcase classname="backend.tests.test_phase4_admin_content.TestTextSettings" name="test_get_text_settings_returns_dict" time="0.123" /><testcase classname="backend.tests.test_phase4_admin_content.TestTextSettings" name="test_get_text_settings_has_expected_keys" time="0.079" /><testcase classname="backend.tests.test_phase4_admin_content.TestTextSettings" name="test_put_text_setting_about_text" time="0.095" /><testcase classname="backend.tests.test_phase4_admin_content.TestTextSettings" name="test_put_text_setting_persists" time="0.183" /><testcase classname="backend.tests.test_phase4_admin_content.TestTextSettings" name="test_put_contact_text" time="0.096" /><testcase classname="backend.tests.test_phase4_admin_content.TestTextSettings" name="test_put_help_text" time="0.093" /><testcase classname="backend.tests.test_phase4_admin_content.TestTextSettings" name="test_put_footer_text" time="0.105" /><testcase classname="backend.tests.test_phase4_admin_content.TestTextSettings" name="test_put_invalid_key_returns_400" time="0.096" /><testcase classname="backend.tests.test_phase4_admin_content.TestTextSettings" name="test_put_text_requires_admin_auth" time="0.074" /><testcase classname="backend.tests.test_phase4_admin_content.TestTextSettings" name="test_all_four_text_keys_present_after_updates" time="0.427" /><testcase classname="backend.tests.test_phase4_admin_content.TestAdminTextSettingsRoute" name="test_admin_get_text_settings_if_exists" time="0.094" /></testsuite></testsuites>