<?xml version="1.0" encoding="utf-8"?><testsuites name="pytest tests"><testsuite name="pytest" errors="0" failures="0" skipped="0" tests="27" time="13.223" timestamp="2026-03-07T12:03:30.409849+00:00" hostname="agent-env-ad4b0c04-0887-47ca-844a-1b4640533a52"><testcase classname="backend.tests.test_bloom_iteration25.TestNewsCategoriesPublic" name="test_get_news_categories_returns_200" time="0.569" /><testcase classname="backend.tests.test_bloom_iteration25.TestNewsCategoriesPublic" name="test_get_news_categories_returns_list" time="0.430" /><testcase classname="backend.tests.test_bloom_iteration25.TestNewsCategoriesPublic" name="test_get_news_categories_has_required_fields" time="0.422" /><testcase classname="backend.tests.test_bloom_iteration25.TestNewsCategoriesAdminCRUD" name="test_get_admin_news_categories_requires_auth" time="0.405" /><testcase classname="backend.tests.test_bloom_iteration25.TestNewsCategoriesAdminCRUD" name="test_get_admin_news_categories_with_auth" time="1.212" /><testcase classname="backend.tests.test_bloom_iteration25.TestNewsCategoriesAdminCRUD" name="test_post_news_category_creates_new" time="0.403" /><testcase classname="backend.tests.test_bloom_iteration25.TestNewsCategoriesAdminCRUD" name="test_post_news_category_persists_in_list" time="0.404" /><testcase classname="backend.tests.test_bloom_iteration25.TestNewsCategoriesAdminCRUD" name="test_put_news_category_updates_name" time="0.412" /><testcase classname="backend.tests.test_bloom_iteration25.TestNewsCategoriesAdminCRUD" name="test_put_news_category_change_persists" time="0.417" /><testcase classname="backend.tests.test_bloom_iteration25.TestNewsCategoriesAdminCRUD" name="test_delete_news_category_removes_it" time="0.417" /><testcase classname="backend.tests.test_bloom_iteration25.TestNewsCategoriesAdminCRUD" name="test_delete_news_category_not_in_list" time="0.458" /><testcase classname="backend.tests.test_bloom_iteration25.TestLocationsEndpoints" name="test_get_public_locations_returns_200" time="0.416" /><testcase classname="backend.tests.test_bloom_iteration25.TestLocationsEndpoints" name="test_get_public_locations_returns_list" time="0.439" /><testcase classname="backend.tests.test_bloom_iteration25.TestLocationsEndpoints" name="test_get_public_locations_structure" time="0.406" /><testcase classname="backend.tests.test_bloom_iteration25.TestAdminLocationsEndpoints" name="test_admin_get_locations_with_auth" time="0.435" /><testcase classname="backend.tests.test_bloom_iteration25.TestAdminLocationsEndpoints" name="test_admin_add_location" time="0.404" /><testcase classname="backend.tests.test_bloom_iteration25.TestAdminLocationsEndpoints" name="test_admin_update_location" time="0.445" /><testcase classname="backend.tests.test_bloom_iteration25.TestAdminLocationsEndpoints" name="test_admin_delete_location" time="0.435" /><testcase classname="backend.tests.test_bloom_iteration25.TestMarkerColorsEndpoints" name="test_get_marker_colors_public" time="0.412" /><testcase classname="backend.tests.test_bloom_iteration25.TestMarkerColorsEndpoints" name="test_get_marker_colors_structure" time="0.407" /><testcase classname="backend.tests.test_bloom_iteration25.TestMarkerColorsEndpoints" name="test_get_marker_colors_has_default_keys" time="0.428" /><testcase classname="backend.tests.test_bloom_iteration25.TestMarkerColorsEndpoints" name="test_put_marker_colors_requires_auth" time="0.407" /><testcase classname="backend.tests.test_bloom_iteration25.TestMarkerColorsEndpoints" name="test_put_marker_colors_updates_colors" time="0.856" /><testcase classname="backend.tests.test_bloom_iteration25.TestMarkerColorsEndpoints" name="test_put_marker_colors_persists" time="0.879" /><testcase classname="backend.tests.test_bloom_iteration25.TestAdminServicesEndpoint" name="test_get_admin_services_requires_auth" time="0.412" /><testcase classname="backend.tests.test_bloom_iteration25.TestAdminServicesEndpoint" name="test_get_admin_services_with_auth" time="0.403" /><testcase classname="backend.tests.test_bloom_iteration25.TestAdminServicesEndpoint" name="test_admin_services_have_required_fields" time="0.405" /></testsuite></testsuites>