<?xml version="1.0" encoding="utf-8"?><testsuites name="pytest tests"><testsuite name="pytest" errors="0" failures="0" skipped="0" tests="32" time="16.924" timestamp="2026-03-06T14:49:05.851239+00:00" hostname="agent-env-f6cb6510-bbaa-4fac-ac1d-7436734c58eb"><testcase classname="backend.tests.test_phase3_features.TestPWAManifest" name="test_manifest_returns_200" time="0.440" /><testcase classname="backend.tests.test_phase3_features.TestPWAManifest" name="test_manifest_name" time="0.305" /><testcase classname="backend.tests.test_phase3_features.TestPWAManifest" name="test_manifest_theme_color" time="0.411" /><testcase classname="backend.tests.test_phase3_features.TestPWAManifest" name="test_manifest_short_name" time="0.291" /><testcase classname="backend.tests.test_phase3_features.TestPWAManifest" name="test_manifest_display_standalone" time="0.305" /><testcase classname="backend.tests.test_phase3_features.TestPWAManifest" name="test_index_html_title" time="0.302" /><testcase classname="backend.tests.test_phase3_features.TestPWAManifest" name="test_index_html_theme_color_meta" time="0.314" /><testcase classname="backend.tests.test_phase3_features.TestPWAManifest" name="test_index_html_manifest_link" time="0.321" /><testcase classname="backend.tests.test_phase3_features.TestPWAManifest" name="test_index_html_pwa_meta_apple" time="0.294" /><testcase classname="backend.tests.test_phase3_features.TestPhotoGallery" name="test_get_photos_unauthenticated_fails" time="0.520" /><testcase classname="backend.tests.test_phase3_features.TestPhotoGallery" name="test_upload_photo" time="1.168" /><testcase classname="backend.tests.test_phase3_features.TestPhotoGallery" name="test_get_my_photos" time="0.864" /><testcase classname="backend.tests.test_phase3_features.TestPhotoGallery" name="test_uploaded_photo_in_list" time="0.816" /><testcase classname="backend.tests.test_phase3_features.TestPhotoGallery" name="test_serve_photo_public" time="0.416" /><testcase classname="backend.tests.test_phase3_features.TestPhotoGallery" name="test_delete_photo" time="0.409" /><testcase classname="backend.tests.test_phase3_features.TestPhotoGallery" name="test_deleted_photo_not_in_list" time="0.829" /><testcase classname="backend.tests.test_phase3_features.TestPhotoGallery" name="test_delete_nonexistent_photo" time="0.442" /><testcase classname="backend.tests.test_phase3_features.TestPhotoGallery" name="test_upload_non_image_fails" time="0.436" /><testcase classname="backend.tests.test_phase3_features.TestJourney" name="test_put_journey_saves_stage" time="0.456" /><testcase classname="backend.tests.test_phase3_features.TestJourney" name="test_journey_persisted_on_profile" time="0.925" /><testcase classname="backend.tests.test_phase3_features.TestJourney" name="test_put_journey_unauthenticated_fails" time="0.478" /><testcase classname="backend.tests.test_phase3_features.TestJourney" name="test_journey_stage_invalid_is_still_saved" time="0.553" /><testcase classname="backend.tests.test_phase3_features.TestJourney" name="test_get_similar_journey_authenticated" time="0.962" /><testcase classname="backend.tests.test_phase3_features.TestJourney" name="test_get_similar_journey_unauthenticated_fails" time="0.404" /><testcase classname="backend.tests.test_phase3_features.TestJourney" name="test_similar_users_are_public" time="0.810" /><testcase classname="backend.tests.test_phase3_features.TestJourney" name="test_put_journey_private" time="0.416" /><testcase classname="backend.tests.test_phase3_features.TestJourney" name="test_similar_returns_empty_for_private_stage" time="0.830" /><testcase classname="backend.tests.test_phase3_features.TestJourney" name="test_restore_journey_to_research" time="0.409" /><testcase classname="backend.tests.test_phase3_features.TestAPIHealth" name="test_api_root_returns_ok" time="0.423" /><testcase classname="backend.tests.test_phase3_features.TestAPIHealth" name="test_photo_endpoints_exist_and_require_auth" time="0.484" /><testcase classname="backend.tests.test_phase3_features.TestAPIHealth" name="test_journey_endpoint_exists_and_requires_auth" time="0.409" /><testcase classname="backend.tests.test_phase3_features.TestAPIHealth" name="test_similar_endpoint_exists_and_requires_auth" time="0.405" /></testsuite></testsuites>