<?xml version="1.0" encoding="utf-8"?><testsuites name="pytest tests"><testsuite name="pytest" errors="0" failures="0" skipped="0" tests="23" time="19.160" timestamp="2026-03-06T10:48:23.430984+00:00" hostname="agent-env-67bf8eb1-b6fe-41c3-80bf-a4223d9e5ee1"><testcase classname="backend.tests.test_bloom_new_endpoints.TestPasswordResetRequest" name="test_reset_request_with_existing_email" time="0.895" /><testcase classname="backend.tests.test_bloom_new_endpoints.TestPasswordResetRequest" name="test_reset_request_with_nonexistent_email" time="0.526" /><testcase classname="backend.tests.test_bloom_new_endpoints.TestPasswordResetRequest" name="test_reset_request_invalid_email_format" time="0.404" /><testcase classname="backend.tests.test_bloom_new_endpoints.TestPasswordResetConfirm" name="test_reset_with_bad_token" time="0.406" /><testcase classname="backend.tests.test_bloom_new_endpoints.TestPasswordResetConfirm" name="test_reset_with_expired_token" time="0.403" /><testcase classname="backend.tests.test_bloom_new_endpoints.TestPasswordResetConfirm" name="test_reset_with_short_password" time="0.409" /><testcase classname="backend.tests.test_bloom_new_endpoints.TestAdminReviews" name="test_get_admin_reviews" time="1.002" /><testcase classname="backend.tests.test_bloom_new_endpoints.TestAdminReviews" name="test_get_admin_reviews_unauthorized" time="0.423" /><testcase classname="backend.tests.test_bloom_new_endpoints.TestAdminReviews" name="test_admin_reviews_response_structure" time="1.015" /><testcase classname="backend.tests.test_bloom_new_endpoints.TestAdminReviews" name="test_delete_nonexistent_review" time="1.056" /><testcase classname="backend.tests.test_bloom_new_endpoints.TestAdminServices" name="test_get_admin_services" time="1.012" /><testcase classname="backend.tests.test_bloom_new_endpoints.TestAdminServices" name="test_get_admin_services_unauthorized" time="0.409" /><testcase classname="backend.tests.test_bloom_new_endpoints.TestAdminServices" name="test_admin_services_response_structure" time="0.975" /><testcase classname="backend.tests.test_bloom_new_endpoints.TestSpecialistsDelete" name="test_delete_nonexistent_specialist" time="0.991" /><testcase classname="backend.tests.test_bloom_new_endpoints.TestSpecialistsDelete" name="test_create_and_delete_specialist" time="1.766" /><testcase classname="backend.tests.test_bloom_new_endpoints.TestSpecialistsDelete" name="test_delete_specialist_not_admin" time="0.428" /><testcase classname="backend.tests.test_bloom_new_endpoints.TestAvatarUpload" name="test_upload_avatar_with_valid_image" time="1.005" /><testcase classname="backend.tests.test_bloom_new_endpoints.TestAvatarUpload" name="test_upload_avatar_unauthorized" time="0.419" /><testcase classname="backend.tests.test_bloom_new_endpoints.TestAvatarUpload" name="test_upload_avatar_non_image_rejected" time="0.988" /><testcase classname="backend.tests.test_bloom_new_endpoints.TestAdminNewsCRUD" name="test_create_and_delete_news" time="1.738" /><testcase classname="backend.tests.test_bloom_new_endpoints.TestAdminNewsCRUD" name="test_create_news_unauthorized" time="0.411" /><testcase classname="backend.tests.test_bloom_new_endpoints.TestAdminUserRoles" name="test_get_all_users_as_admin" time="0.989" /><testcase classname="backend.tests.test_bloom_new_endpoints.TestAdminUserRoles" name="test_set_role_invalid" time="1.391" /></testsuite></testsuites>