<?xml version="1.0" encoding="utf-8"?><testsuites name="pytest tests"><testsuite name="pytest" errors="0" failures="0" skipped="0" tests="14" time="14.575" timestamp="2026-03-06T13:31:13.927663+00:00" hostname="agent-env-f6cb6510-bbaa-4fac-ac1d-7436734c58eb"><testcase classname="backend.tests.test_p0_fixes.TestServiceTypes" name="test_service_types_returns_7_categories" time="0.556" /><testcase classname="backend.tests.test_p0_fixes.TestServiceTypes" name="test_service_types_has_correct_ids" time="0.512" /><testcase classname="backend.tests.test_p0_fixes.TestServiceTypes" name="test_service_types_no_test_entries" time="0.429" /><testcase classname="backend.tests.test_p0_fixes.TestServiceTypes" name="test_service_types_data_structure" time="0.407" /><testcase classname="backend.tests.test_p0_fixes.TestServiceTypes" name="test_service_types_czech_names" time="0.407" /><testcase classname="backend.tests.test_p0_fixes.TestServiceCreation" name="test_create_offer_success" time="1.420" /><testcase classname="backend.tests.test_p0_fixes.TestServiceCreation" name="test_create_request_success" time="0.741" /><testcase classname="backend.tests.test_p0_fixes.TestServiceCreation" name="test_service_with_valid_service_type" time="5.122" /><testcase classname="backend.tests.test_p0_fixes.TestServiceCreation" name="test_get_services_list" time="0.440" /><testcase classname="backend.tests.test_p0_fixes.TestPasswordReset" name="test_reset_password_bad_token_returns_400" time="0.404" /><testcase classname="backend.tests.test_p0_fixes.TestPasswordReset" name="test_reset_password_short_password" time="0.403" /><testcase classname="backend.tests.test_p0_fixes.TestPasswordReset" name="test_reset_password_request_nonexistent_email" time="0.410" /><testcase classname="backend.tests.test_p0_fixes.TestPasswordReset" name="test_reset_password_e2e_with_db_token" time="2.762" /><testcase classname="backend.tests.test_p0_fixes.TestPasswordReset" name="test_reset_password_expired_token" time="0.423" /></testsuite></testsuites>