<?xml version="1.0" encoding="utf-8"?><testsuites name="pytest tests"><testsuite name="pytest" errors="0" failures="0" skipped="0" tests="20" time="19.567" timestamp="2026-03-06T14:18:26.806005+00:00" hostname="agent-env-f6cb6510-bbaa-4fac-ac1d-7436734c58eb"><testcase classname="backend.tests.test_phase1_admin_safety.TestCommunityPassword" name="test_get_community_password_as_admin" time="1.389" /><testcase classname="backend.tests.test_phase1_admin_safety.TestCommunityPassword" name="test_get_community_password_requires_admin" time="0.469" /><testcase classname="backend.tests.test_phase1_admin_safety.TestCommunityPassword" name="test_put_community_password_updates_value" time="3.175" /><testcase classname="backend.tests.test_phase1_admin_safety.TestCommunityPassword" name="test_put_community_password_short_fails" time="0.441" /><testcase classname="backend.tests.test_phase1_admin_safety.TestCommunityPassword" name="test_registration_with_correct_db_password" time="1.732" /><testcase classname="backend.tests.test_phase1_admin_safety.TestAdminUserDeletion" name="test_delete_user_removes_account" time="1.449" /><testcase classname="backend.tests.test_phase1_admin_safety.TestAdminUserDeletion" name="test_delete_nonexistent_user_returns_404" time="0.410" /><testcase classname="backend.tests.test_phase1_admin_safety.TestAdminUserDeletion" name="test_admin_cannot_delete_self" time="0.814" /><testcase classname="backend.tests.test_phase1_admin_safety.TestAdminUserDeletion" name="test_delete_requires_admin_auth" time="0.397" /><testcase classname="backend.tests.test_phase1_admin_safety.TestUserReporting" name="test_report_user_creates_report" time="1.731" /><testcase classname="backend.tests.test_phase1_admin_safety.TestUserReporting" name="test_duplicate_report_prevented" time="0.417" /><testcase classname="backend.tests.test_phase1_admin_safety.TestUserReporting" name="test_cannot_report_self" time="0.468" /><testcase classname="backend.tests.test_phase1_admin_safety.TestUserReporting" name="test_report_nonexistent_user_404" time="0.424" /><testcase classname="backend.tests.test_phase1_admin_safety.TestAdminReports" name="test_get_reports_as_admin" time="0.412" /><testcase classname="backend.tests.test_phase1_admin_safety.TestAdminReports" name="test_get_reports_requires_admin" time="0.399" /><testcase classname="backend.tests.test_phase1_admin_safety.TestAdminReports" name="test_resolve_report" time="1.345" /><testcase classname="backend.tests.test_phase1_admin_safety.TestAdminReports" name="test_resolve_nonexistent_report_404" time="0.435" /><testcase classname="backend.tests.test_phase1_admin_safety.TestAdminPasswordReset" name="test_send_reset_stores_token" time="0.700" /><testcase classname="backend.tests.test_phase1_admin_safety.TestAdminPasswordReset" name="test_send_reset_for_nonexistent_user" time="0.407" /><testcase classname="backend.tests.test_phase1_admin_safety.TestAdminPasswordReset" name="test_send_reset_requires_admin" time="2.461" /></testsuite></testsuites>