<?xml version="1.0" encoding="utf-8"?><testsuites name="pytest tests"><testsuite name="pytest" errors="0" failures="0" skipped="0" tests="29" time="14.151" timestamp="2026-03-09T00:42:39.789690+00:00" hostname="agent-env-a2ab21f4-226b-4a41-9f06-b35300f19721"><testcase classname="backend.tests.test_refactor_iter32.TestAuthRefactored" name="test_login_returns_token_and_user" time="0.794" /><testcase classname="backend.tests.test_refactor_iter32.TestAuthRefactored" name="test_login_wrong_password" time="0.755" /><testcase classname="backend.tests.test_refactor_iter32.TestAuthRefactored" name="test_get_me_authenticated" time="1.059" /><testcase classname="backend.tests.test_refactor_iter32.TestAuthRefactored" name="test_get_me_unauthenticated" time="0.397" /><testcase classname="backend.tests.test_refactor_iter32.TestAuthRefactored" name="test_notification_prefs_update" time="0.805" /><testcase classname="backend.tests.test_refactor_iter32.TestAdminDataEndpoints" name="test_admin_users_list" time="0.405" /><testcase classname="backend.tests.test_refactor_iter32.TestAdminDataEndpoints" name="test_admin_news_list" time="0.410" /><testcase classname="backend.tests.test_refactor_iter32.TestAdminDataEndpoints" name="test_admin_specialists_list" time="0.404" /><testcase classname="backend.tests.test_refactor_iter32.TestAdminDataEndpoints" name="test_admin_pending_specialists" time="0.423" /><testcase classname="backend.tests.test_refactor_iter32.TestAdminDataEndpoints" name="test_admin_reviews" time="0.420" /><testcase classname="backend.tests.test_refactor_iter32.TestAdminDataEndpoints" name="test_admin_services" time="0.397" /><testcase classname="backend.tests.test_refactor_iter32.TestAdminDataEndpoints" name="test_admin_reports" time="0.384" /><testcase classname="backend.tests.test_refactor_iter32.TestAdminDataEndpoints" name="test_admin_bug_reports" time="0.415" /><testcase classname="backend.tests.test_refactor_iter32.TestAdminContentSubComponents" name="test_service_types" time="0.426" /><testcase classname="backend.tests.test_refactor_iter32.TestAdminContentSubComponents" name="test_locations" time="0.408" /><testcase classname="backend.tests.test_refactor_iter32.TestAdminContentSubComponents" name="test_article_categories" time="0.407" /><testcase classname="backend.tests.test_refactor_iter32.TestAdminContentSubComponents" name="test_news_categories" time="0.406" /><testcase classname="backend.tests.test_refactor_iter32.TestAdminContentSubComponents" name="test_specialist_categories" time="0.440" /><testcase classname="backend.tests.test_refactor_iter32.TestAdminContentSubComponents" name="test_text_settings" time="0.403" /><testcase classname="backend.tests.test_refactor_iter32.TestAdminContentSubComponents" name="test_marker_colors" time="0.421" /><testcase classname="backend.tests.test_refactor_iter32.TestAdminContentSubComponents" name="test_section_settings" time="0.405" /><testcase classname="backend.tests.test_refactor_iter32.TestAdminContentSubComponents" name="test_featured_items" time="0.425" /><testcase classname="backend.tests.test_refactor_iter32.TestAdminSettingsTabEndpoints" name="test_get_community_password" time="0.388" /><testcase classname="backend.tests.test_refactor_iter32.TestAdminSettingsTabEndpoints" name="test_get_contact_email" time="0.405" /><testcase classname="backend.tests.test_refactor_iter32.TestAdminSettingsTabEndpoints" name="test_get_entry_password_status" time="0.416" /><testcase classname="backend.tests.test_refactor_iter32.TestProfilePageEndpoints" name="test_auth_profile_update" time="0.400" /><testcase classname="backend.tests.test_refactor_iter32.TestProfilePageEndpoints" name="test_users_photos_endpoint" time="0.802" /><testcase classname="backend.tests.test_refactor_iter32.TestProfilePageEndpoints" name="test_users_journey_endpoint" time="0.406" /><testcase classname="backend.tests.test_refactor_iter32.TestHealthCheck" name="test_health" time="0.423" /></testsuite></testsuites>