<?xml version="1.0" encoding="utf-8"?><testsuites name="pytest tests"><testsuite name="pytest" errors="0" failures="0" skipped="0" tests="12" time="11.948" timestamp="2026-03-08T23:49:47.047571+00:00" hostname="agent-env-71db76c2-631e-4884-9504-666282fc6c7b"><testcase classname="backend.tests.test_rich_editor.TestHTMLSanitization" name="test_news_with_script_tag_stripped" time="1.698" /><testcase classname="backend.tests.test_rich_editor.TestHTMLSanitization" name="test_news_with_allowed_tags_preserved" time="0.824" /><testcase classname="backend.tests.test_rich_editor.TestHTMLSanitization" name="test_news_with_table_html_preserved" time="0.822" /><testcase classname="backend.tests.test_rich_editor.TestHTMLSanitization" name="test_news_iframe_tag_stripped" time="0.817" /><testcase classname="backend.tests.test_rich_editor.TestHTMLSanitization" name="test_news_onclick_attribute_stripped" time="0.816" /><testcase classname="backend.tests.test_rich_editor.TestArticleAPIs" name="test_get_articles_returns_content_field" time="0.405" /><testcase classname="backend.tests.test_rich_editor.TestArticleAPIs" name="test_create_article_with_html_content" time="1.239" /><testcase classname="backend.tests.test_rich_editor.TestArticleAPIs" name="test_update_article_html_sanitized" time="1.618" /><testcase classname="backend.tests.test_rich_editor.TestArticleAPIs" name="test_delete_article" time="1.175" /><testcase classname="backend.tests.test_rich_editor.TestArticleAPIs" name="test_admin_get_all_articles" time="0.393" /><testcase classname="backend.tests.test_rich_editor.TestArticleAPIs" name="test_article_toggle_publish" time="1.256" /><testcase classname="backend.tests.test_rich_editor.TestArticleAPIs" name="test_news_plain_text_backward_compat" time="0.804" /></testsuite></testsuites>